#
# A fatal error has been detected by the Java Runtime Environment:
#
#  EXCEPTION_ACCESS_VIOLATION (0xc0000005) at pc=0x00007ffcead25eb2, pid=18224, tid=2032
#
# JRE version: OpenJDK Runtime Environment Temurin-17.0.4.1+1 (17.0.4.1+1) (build 17.0.4.1+1)
# Java VM: OpenJDK 64-Bit Server VM Temurin-17.0.4.1+1 (17.0.4.1+1, mixed mode, tiered, compressed oops, compressed class ptrs, parallel gc, windows-amd64)
# Problematic frame:
# V  [jvm.dll+0x595eb2]
#
# No core dump will be written. Minidumps are not enabled by default on client versions of Windows
#
# If you would like to submit a bug report, please visit:
#   https://github.com/adoptium/adoptium-support/issues
#

---------------  S U M M A R Y ------------

Command Line: --add-modules=ALL-SYSTEM --add-opens=java.base/java.util=ALL-UNNAMED --add-opens=java.base/java.lang=ALL-UNNAMED --add-opens=java.base/sun.nio.fs=ALL-UNNAMED -Declipse.application=org.eclipse.jdt.ls.core.id1 -Dosgi.bundles.defaultStartLevel=4 -Declipse.product=org.eclipse.jdt.ls.core.product -Djava.import.generatesMetadataFilesAtProjectRoot=false -Dfile.encoding=utf8 -XX:+UseParallelGC -XX:GCTimeRatio=4 -XX:AdaptiveSizePolicyWeight=90 -Dsun.zip.disableMemoryMapping=true -Xmx1G -Xms100m -Xlog:disable -javaagent:c:\Users\L13Y09W32\.antigravity\extensions\redhat.java-1.12.0-win32-x64\lombok\lombok-1.18.24.jar -XX:+HeapDumpOnOutOfMemoryError -XX:HeapDumpPath=c:\Users\L13Y09W32\AppData\Roaming\Antigravity\User\workspaceStorage\b41553189379a344687bbff73877ad42\redhat.java c:\Users\L13Y09W32\.antigravity\extensions\redhat.java-1.12.0-win32-x64\server\plugins\org.eclipse.equinox.launcher_1.6.400.v20210924-0641.jar -configuration c:\Users\L13Y09W32\AppData\Roaming\Antigravity\User\globalStorage\redhat.java\1.12.0\config_win -data c:\Users\L13Y09W32\AppData\Roaming\Antigravity\User\workspaceStorage\b41553189379a344687bbff73877ad42\redhat.java\jdt_ws

Host: 12th Gen Intel(R) Core(TM) i7-12700, 20 cores, 15G,  Windows 11 , 64 bit Build 22621 (10.0.22621.5415)
Time: Sat Feb 14 08:51:10 2026 China Standard Time elapsed time: 1.465560 seconds (0d 0h 0m 1s)

---------------  T H R E A D  ---------------

Current thread (0x0000014c360a0150):  JavaThread "C2 CompilerThread2" daemon [_thread_in_native, id=2032, stack(0x0000001ffdf00000,0x0000001ffe000000)]


Current CompileTask:
C2:   1465 3162 %     4       java.io.WinNTFileSystem::normalize @ 22 (143 bytes)

Stack: [0x0000001ffdf00000,0x0000001ffe000000],  sp=0x0000001ffdffb9b0,  free space=1006k
Native frames: (J=compiled Java code, j=interpreted, Vv=VM code, C=native code)
V  [jvm.dll+0x595eb2]
V  [jvm.dll+0x362c8c]
V  [jvm.dll+0x1bbf6c]
V  [jvm.dll+0x2187d9]
V  [jvm.dll+0x217aa1]
V  [jvm.dll+0x1a3f8d]
V  [jvm.dll+0x227498]
V  [jvm.dll+0x2255e5]
V  [jvm.dll+0x7e7e9b]
V  [jvm.dll+0x7e240a]
V  [jvm.dll+0x6761a5]
C  [ucrtbase.dll+0x29333]
C  [KERNEL32.DLL+0x1259d]
C  [ntdll.dll+0x5af78]


siginfo: EXCEPTION_ACCESS_VIOLATION (0xc0000005), reading address 0xffffffffffffffff


Register to memory mapping:

RIP=0x00007ffcead25eb2 jvm.dll
RAX=0x00007ffceb0bc7a8 jvm.dll
RBX=0x00000000000002e6 is an unknown value
RCX=0x0000014c360af870 points into unknown readable memory: 0x00007ffceb0be7a8 | a8 e7 0b eb fc 7f 00 00
RDX=0x0000000000000718 is an unknown value
RSP=0x0000001ffdffb9b0 is pointing into the stack for thread: 0x0000014c360a0150
RBP=0x0000001ffdffbae0 is pointing into the stack for thread: 0x0000014c360a0150
RSI=0x00000000000002e6 is an unknown value
RDI=0x0000014c35f33958 points into unknown readable memory: 0x00007ffceb04f018 | 18 f0 04 eb fc 7f 00 00
R8 =0x0000000000000007 is an unknown value
R9 =0x0 is NULL
R10=0x0 is NULL
R11=0x0 is NULL
R12=0x0000014c362f12f8 points into unknown readable memory: 0x00007ffceb0aa280 | 80 a2 0a eb fc 7f 00 00
R13=0x0000014c35f338c8 points into unknown readable memory: 0x00007ffceb05cab0 | b0 ca 05 eb fc 7f 00 00
R14=0x0000000000000001 is an unknown value
R15=0x00000000000f423f is an unknown value


Registers:
RAX=0x00007ffceb0bc7a8, RBX=0x00000000000002e6, RCX=0x0000014c360af870, RDX=0x0000000000000718
RSP=0x0000001ffdffb9b0, RBP=0x0000001ffdffbae0, RSI=0x00000000000002e6, RDI=0x0000014c35f33958
R8 =0x0000000000000007, R9 =0x0000000000000000, R10=0x0000000000000000, R11=0x0000000000000000
R12=0x0000014c362f12f8, R13=0x0000014c35f338c8, R14=0x0000000000000001, R15=0x00000000000f423f
RIP=0x00007ffcead25eb2, EFLAGS=0x0000000000010202

Top of Stack: (sp=0x0000001ffdffb9b0)
0x0000001ffdffb9b0:   0000014c360eaa90 0000001ffdffbab0
0x0000001ffdffb9c0:   0000000000000001 0000000000000000
0x0000001ffdffb9d0:   0000014c38b05cd0 00007ffceaaf2c8c
0x0000001ffdffb9e0:   000000000000000a 0000001ffdffbae0
0x0000001ffdffb9f0:   0000001ffdffc060 0000014c35d54820
0x0000001ffdffba00:   0000001ffdffba20 0000000000000006
0x0000001ffdffba10:   0000001100000011 0000000300000007
0x0000001ffdffba20:   0000001100000000 0000000e00000000
0x0000001ffdffba30:   0000000000000000 0000001100000001
0x0000001ffdffba40:   0000000d00000003 0000014c00000000
0x0000001ffdffba50:   0000000000000010 0000014c362f12f8
0x0000001ffdffba60:   00000000000001d4 000000000000000a
0x0000001ffdffba70:   0000000000000000 0000000300000faf
0x0000001ffdffba80:   0000001000000010 0000014c360ea780
0x0000001ffdffba90:   0000014c360eaa90 0000001ffdffbab0
0x0000001ffdffbaa0:   0000014c362f1364 0000014c362f136c 

Instructions: (pc=0x00007ffcead25eb2)
0x00007ffcead25db2:   ec 20 48 8b 01 48 8b ea 48 8b f9 ff 90 c8 00 00
0x00007ffcead25dc2:   00 bb 01 00 00 00 8b f0 39 5f 3c 76 1f 90 48 8b
0x00007ffcead25dd2:   4f 40 8b d3 48 8b 0c d1 48 3b cd 74 0f 48 8b 01
0x00007ffcead25de2:   ff 50 08 03 f0 ff c3 3b 5f 3c 72 e2 48 8b 47 40
0x00007ffcead25df2:   ba ff ff ff ff 8b cb 48 8b 5c 24 30 48 39 2c c8
0x00007ffcead25e02:   48 8b 6c 24 38 0f 45 f2 8b c6 48 8b 74 24 40 48
0x00007ffcead25e12:   83 c4 20 5f c3 cc cc cc cc cc cc cc cc cc 48 8b
0x00007ffcead25e22:   42 18 41 8b 48 28 48 0f bf 54 88 02 48 8d 05 db
0x00007ffcead25e32:   ed 2f 00 0f b6 04 02 c3 cc cc cc cc cc cc 40 57
0x00007ffcead25e42:   48 83 ec 20 8b 41 2c 48 8b f9 83 e0 3f 3c 22 0f
0x00007ffcead25e52:   84 bd 00 00 00 48 8b 01 ff 90 c0 00 00 00 3b 05
0x00007ffcead25e62:   8e 06 40 00 0f 82 a0 00 00 00 3b 05 86 06 40 00
0x00007ffcead25e72:   0f 83 94 00 00 00 48 8b 07 48 8b cf ff 90 f0 00
0x00007ffcead25e82:   00 00 85 c0 0f 85 80 00 00 00 48 8b 07 48 8b cf
0x00007ffcead25e92:   ff 50 68 83 f8 0f 74 7a 83 7f 18 02 77 6c 75 26
0x00007ffcead25ea2:   48 8b 47 08 48 8b 48 08 48 85 c9 74 19 48 8b 01
0x00007ffcead25eb2:   ff 50 68 83 f8 0f 75 0e 48 8b 47 08 48 8b 48 08
0x00007ffcead25ec2:   83 79 18 02 77 44 48 8b 07 48 8b cf ff 90 c8 00
0x00007ffcead25ed2:   00 00 39 47 18 76 3b 4c 8b 07 8b d0 48 8b cf 48
0x00007ffcead25ee2:   89 5c 24 30 41 ff 90 80 00 00 00 48 8b 17 48 8b
0x00007ffcead25ef2:   cf 48 8b d8 ff 52 68 8b d0 48 8b cb e8 1d 02 13
0x00007ffcead25f02:   00 48 8b 5c 24 30 84 c0 74 08 32 c0 48 83 c4 20
0x00007ffcead25f12:   5f c3 b0 01 48 83 c4 20 5f c3 cc cc cc cc 48 8b
0x00007ffcead25f22:   41 78 48 8b 40 20 83 78 18 05 76 16 48 8b 40 20
0x00007ffcead25f32:   48 8b 48 28 8b 41 10 83 e8 11 83 f8 06 77 03 b0
0x00007ffcead25f42:   01 c3 32 c0 c3 cc cc cc cc cc cc cc cc cc 48 83
0x00007ffcead25f52:   ec 28 ba bf 00 00 00 48 8d 0d 10 f3 3f 00 e8 6b
0x00007ffcead25f62:   f6 ca ff 48 83 c4 28 e9 22 0f 0e 00 cc cc 48 89
0x00007ffcead25f72:   5c 24 08 57 48 83 ec 20 48 8b da 48 8b f9 45 85
0x00007ffcead25f82:   c0 75 0e 48 8b c2 48 8b 5c 24 30 48 83 c4 20 5f
0x00007ffcead25f92:   c3 48 8b 49 10 49 63 d0 e8 b1 68 10 00 4c 8b c8
0x00007ffcead25fa2:   4c 8b c3 48 8b d3 48 8b cf 48 8b 5c 24 30 48 83 


Stack slot to memory mapping:
stack at sp + 0 slots: 0x0000014c360eaa90 points into unknown readable memory: 0x0000014c360ea820 | 20 a8 0e 36 4c 01 00 00
stack at sp + 1 slots: 0x0000001ffdffbab0 is pointing into the stack for thread: 0x0000014c360a0150
stack at sp + 2 slots: 0x0000000000000001 is an unknown value
stack at sp + 3 slots: 0x0 is NULL
stack at sp + 4 slots: 0x0000014c38b05cd0 points into unknown readable memory: 0x3f95775ad14a41a2 | a2 41 4a d1 5a 77 95 3f
stack at sp + 5 slots: 0x00007ffceaaf2c8c jvm.dll
stack at sp + 6 slots: 0x000000000000000a is an unknown value
stack at sp + 7 slots: 0x0000001ffdffbae0 is pointing into the stack for thread: 0x0000014c360a0150


---------------  P R O C E S S  ---------------

Threads class SMR info:
_java_thread_list=0x0000014c377e4050, length=26, elements={
0x0000014c1dd1c920, 0x0000014c337498f0, 0x0000014c31b886d0, 0x0000014c31b9e8a0,
0x0000014c3376d410, 0x0000014c3376e730, 0x0000014c33772410, 0x0000014c33774ce0,
0x0000014c3378b5d0, 0x0000014c33793ee0, 0x0000014c3387f1b0, 0x0000014c3387f680,
0x0000014c338eeb90, 0x0000014c1dd7f680, 0x0000014c35cc0420, 0x0000014c35d50890,
0x0000014c360a0150, 0x0000014c35e32bd0, 0x0000014c37046a70, 0x0000014c370f9b60,
0x0000014c37112a60, 0x0000014c373a3020, 0x0000014c372e1040, 0x0000014c375fba30,
0x0000014c36188cb0, 0x0000014c3618a990
}

Java Threads: ( => current thread )
  0x0000014c1dd1c920 JavaThread "main" [_thread_blocked, id=6352, stack(0x0000001ffcc00000,0x0000001ffcd00000)]
  0x0000014c337498f0 JavaThread "Reference Handler" daemon [_thread_blocked, id=18200, stack(0x0000001ffcf00000,0x0000001ffd000000)]
  0x0000014c31b886d0 JavaThread "Finalizer" daemon [_thread_blocked, id=16872, stack(0x0000001ffd000000,0x0000001ffd100000)]
  0x0000014c31b9e8a0 JavaThread "Signal Dispatcher" daemon [_thread_blocked, id=20100, stack(0x0000001ffd100000,0x0000001ffd200000)]
  0x0000014c3376d410 JavaThread "Attach Listener" daemon [_thread_blocked, id=19852, stack(0x0000001ffd200000,0x0000001ffd300000)]
  0x0000014c3376e730 JavaThread "Service Thread" daemon [_thread_blocked, id=13948, stack(0x0000001ffd300000,0x0000001ffd400000)]
  0x0000014c33772410 JavaThread "Monitor Deflation Thread" daemon [_thread_blocked, id=18640, stack(0x0000001ffd400000,0x0000001ffd500000)]
  0x0000014c33774ce0 JavaThread "C2 CompilerThread0" daemon [_thread_in_native, id=6412, stack(0x0000001ffd500000,0x0000001ffd600000)]
  0x0000014c3378b5d0 JavaThread "C1 CompilerThread0" daemon [_thread_blocked, id=13888, stack(0x0000001ffd600000,0x0000001ffd700000)]
  0x0000014c33793ee0 JavaThread "Sweeper thread" daemon [_thread_blocked, id=3564, stack(0x0000001ffd700000,0x0000001ffd800000)]
  0x0000014c3387f1b0 JavaThread "Common-Cleaner" daemon [_thread_blocked, id=8780, stack(0x0000001ffd800000,0x0000001ffd900000)]
  0x0000014c3387f680 JavaThread "C1 CompilerThread1" daemon [_thread_blocked, id=14636, stack(0x0000001ffd900000,0x0000001ffda00000)]
  0x0000014c338eeb90 JavaThread "C1 CompilerThread2" daemon [_thread_blocked, id=8724, stack(0x0000001ffda00000,0x0000001ffdb00000)]
  0x0000014c1dd7f680 JavaThread "C2 CompilerThread1" daemon [_thread_in_native, id=17896, stack(0x0000001ffdb00000,0x0000001ffdc00000)]
  0x0000014c35cc0420 JavaThread "C1 CompilerThread3" daemon [_thread_blocked, id=19996, stack(0x0000001ffdc00000,0x0000001ffdd00000)]
  0x0000014c35d50890 JavaThread "Notification Thread" daemon [_thread_blocked, id=21388, stack(0x0000001ffdd00000,0x0000001ffde00000)]
=>0x0000014c360a0150 JavaThread "C2 CompilerThread2" daemon [_thread_in_native, id=2032, stack(0x0000001ffdf00000,0x0000001ffe000000)]
  0x0000014c35e32bd0 JavaThread "C2 CompilerThread3" daemon [_thread_in_native, id=10324, stack(0x0000001ffe000000,0x0000001ffe100000)]
  0x0000014c37046a70 JavaThread "Active Thread: Equinox Container: b6edae3e-de08-4d72-bd81-cf187aa47927" [_thread_blocked, id=15012, stack(0x0000001ffe600000,0x0000001ffe700000)]
  0x0000014c370f9b60 JavaThread "Framework Event Dispatcher: Equinox Container: b6edae3e-de08-4d72-bd81-cf187aa47927" daemon [_thread_blocked, id=6920, stack(0x0000001ffe700000,0x0000001ffe800000)]
  0x0000014c37112a60 JavaThread "Start Level: Equinox Container: b6edae3e-de08-4d72-bd81-cf187aa47927" daemon [_thread_in_vm, id=18504, stack(0x0000001ffe800000,0x0000001ffe900000)]
  0x0000014c373a3020 JavaThread "SCR Component Actor" daemon [_thread_blocked, id=19016, stack(0x0000001ffe900000,0x0000001ffea00000)]
  0x0000014c372e1040 JavaThread "SCR Component Registry" daemon [_thread_blocked, id=15876, stack(0x0000001ffec00000,0x0000001ffed00000)]
  0x0000014c375fba30 JavaThread "Worker-JM" [_thread_blocked, id=13472, stack(0x0000001ffed00000,0x0000001ffee00000)]
  0x0000014c36188cb0 JavaThread "Worker-0: Refreshing workspace" [_thread_in_Java, id=2320, stack(0x0000001fff200000,0x0000001fff300000)]
  0x0000014c3618a990 JavaThread "Worker-1" [_thread_blocked, id=8292, stack(0x0000001fff300000,0x0000001fff400000)]

Other Threads:
  0x0000014c1bb6ec00 VMThread "VM Thread" [stack: 0x0000001ffce00000,0x0000001ffcf00000] [id=5556]
  0x0000014c35d29a10 WatcherThread [stack: 0x0000001ffde00000,0x0000001ffdf00000] [id=20360]
  0x0000014c1dd31990 GCTaskThread "GC Thread#0" [stack: 0x0000001ffcd00000,0x0000001ffce00000] [id=7924]
  0x0000014c37119080 GCTaskThread "GC Thread#1" [stack: 0x0000001ffe100000,0x0000001ffe200000] [id=15308]
  0x0000014c370144e0 GCTaskThread "GC Thread#2" [stack: 0x0000001ffe200000,0x0000001ffe300000] [id=18800]
  0x0000014c37014790 GCTaskThread "GC Thread#3" [stack: 0x0000001ffe300000,0x0000001ffe400000] [id=14604]
  0x0000014c37014a40 GCTaskThread "GC Thread#4" [stack: 0x0000001ffe400000,0x0000001ffe500000] [id=9324]
  0x0000014c37014cf0 GCTaskThread "GC Thread#5" [stack: 0x0000001ffe500000,0x0000001ffe600000] [id=9668]
  0x0000014c37523cd0 GCTaskThread "GC Thread#6" [stack: 0x0000001ffea00000,0x0000001ffeb00000] [id=8980]
  0x0000014c37523f80 GCTaskThread "GC Thread#7" [stack: 0x0000001ffeb00000,0x0000001ffec00000] [id=4108]
  0x0000014c376687b0 GCTaskThread "GC Thread#8" [stack: 0x0000001ffee00000,0x0000001ffef00000] [id=8160]
  0x0000014c3763a030 GCTaskThread "GC Thread#9" [stack: 0x0000001ffef00000,0x0000001fff000000] [id=3504]
  0x0000014c3763a2e0 GCTaskThread "GC Thread#10" [stack: 0x0000001fff000000,0x0000001fff100000] [id=4408]
  0x0000014c378b3550 GCTaskThread "GC Thread#11" [stack: 0x0000001fff100000,0x0000001fff200000] [id=18556]
  0x0000014c378b2d40 GCTaskThread "GC Thread#12" [stack: 0x0000001fff400000,0x0000001fff500000] [id=18008]
  0x0000014c378b2ff0 GCTaskThread "GC Thread#13" [stack: 0x0000001fff500000,0x0000001fff600000] [id=15156]
  0x0000014c378b42c0 GCTaskThread "GC Thread#14" [stack: 0x0000001fff600000,0x0000001fff700000] [id=15832]

Threads with active compile tasks:
C2 CompilerThread0     1487 3300       4       org.objectweb.asm.MethodWriter::<init> (232 bytes)
C2 CompilerThread1     1487 3298       4       org.objectweb.asm.ClassReader::readMethod (1066 bytes)
C2 CompilerThread2     1487 3162 %     4       java.io.WinNTFileSystem::normalize @ 22 (143 bytes)
C2 CompilerThread3     1487 3329       4       sun.nio.fs.WindowsPathParser::normalize (233 bytes)

VM state: not at safepoint (normal execution)

VM Mutex/Monitor currently owned by a thread: None

Heap address: 0x00000000c0000000, size: 1024 MB, Compressed Oops mode: 32-bit

CDS archive(s) not mapped
Compressed class space mapped at: 0x0000000100000000-0x0000000140000000, reserved size: 1073741824
Narrow klass base: 0x0000000000000000, Narrow klass shift: 3, Narrow klass range: 0x140000000

GC Precious Log:
 CPUs: 20 total, 20 available
 Memory: 16125M
 Large Page Support: Disabled
 NUMA Support: Disabled
 Compressed Oops: Enabled (32-bit)
 Alignments: Space 512K, Generation 512K, Heap 2M
 Heap Min Capacity: 100M
 Heap Initial Capacity: 100M
 Heap Max Capacity: 1G
 Pre-touch: Disabled
 Parallel Workers: 15

Heap:
 PSYoungGen      total 27648K, used 14630K [0x00000000eab00000, 0x00000000eca00000, 0x0000000100000000)
  eden space 24576K, 48% used [0x00000000eab00000,0x00000000eb6a0830,0x00000000ec300000)
  from space 3072K, 88% used [0x00000000ec700000,0x00000000ec9a9168,0x00000000eca00000)
  to   space 3072K, 0% used [0x00000000ec400000,0x00000000ec400000,0x00000000ec700000)
 ParOldGen       total 68608K, used 8091K [0x00000000c0000000, 0x00000000c4300000, 0x00000000eab00000)
  object space 68608K, 11% used [0x00000000c0000000,0x00000000c07e6ea8,0x00000000c4300000)
 Metaspace       used 29497K, committed 30144K, reserved 1081344K
  class space    used 2891K, committed 3136K, reserved 1048576K

Card table byte_map: [0x0000014c1d6c0000,0x0000014c1d8d0000] _byte_map_base: 0x0000014c1d0c0000

Marking Bits: (ParMarkBitMap*) 0x00007ffceb312cc0
 Begin Bits: [0x0000014c2f9a0000, 0x0000014c309a0000)
 End Bits:   [0x0000014c309a0000, 0x0000014c319a0000)

Polling page: 0x0000014c1bbe0000

Metaspace:

Usage:
  Non-class:     25.98 MB used.
      Class:      2.82 MB used.
       Both:     28.81 MB used.

Virtual space:
  Non-class space:       32.00 MB reserved,      26.38 MB ( 82%) committed,  4 nodes.
      Class space:        1.00 GB reserved,       3.06 MB ( <1%) committed,  1 nodes.
             Both:        1.03 GB reserved,      29.44 MB (  3%) committed. 

Chunk freelists:
   Non-Class:  1.05 MB
       Class:  832.00 KB
        Both:  1.86 MB

MaxMetaspaceSize: unlimited
CompressedClassSpaceSize: 1.00 GB
Initial GC threshold: 21.00 MB
Current GC threshold: 35.00 MB
CDS: off
MetaspaceReclaimPolicy: balanced
 - commit_granule_bytes: 65536.
 - commit_granule_words: 8192.
 - virtual_space_node_default_size: 1048576.
 - enlarge_chunks_in_place: 1.
 - new_chunks_are_fully_committed: 0.
 - uncommit_free_chunks: 1.
 - use_allocation_guard: 0.
 - handle_deallocations: 1.


Internal statistics:

num_allocs_failed_limit: 3.
num_arena_births: 426.
num_arena_deaths: 14.
num_vsnodes_births: 5.
num_vsnodes_deaths: 0.
num_space_committed: 471.
num_space_uncommitted: 0.
num_chunks_returned_to_freelist: 17.
num_chunks_taken_from_freelist: 1331.
num_chunk_merges: 7.
num_chunk_splits: 849.
num_chunks_enlarged: 499.
num_purges: 2.
num_inconsistent_stats: 0.

CodeHeap 'non-profiled nmethods': size=119168Kb used=1291Kb max_used=1291Kb free=117876Kb
 bounds [0x0000014c28540000, 0x0000014c287b0000, 0x0000014c2f9a0000]
CodeHeap 'profiled nmethods': size=119104Kb used=6894Kb max_used=6894Kb free=112209Kb
 bounds [0x0000014c210f0000, 0x0000014c217b0000, 0x0000014c28540000]
CodeHeap 'non-nmethods': size=7488Kb used=2921Kb max_used=2941Kb free=4566Kb
 bounds [0x0000014c209a0000, 0x0000014c20c90000, 0x0000014c210f0000]
 total_blobs=3872 nmethods=3325 adapters=457
 compilation: enabled
              stopped_count=0, restarted_count=0
 full_count=0

Compilation events (20 events):
Event: 1.461 Thread 0x0000014c338eeb90 3280       3       java.util.regex.Pattern$BranchConn::match (11 bytes)
Event: 1.461 Thread 0x0000014c338eeb90 nmethod 3280 0x0000014c21783a10 code [0x0000014c21783bc0, 0x0000014c21783d88]
Event: 1.461 Thread 0x0000014c338eeb90 3281       3       org.objectweb.asm.Symbol::getArgumentsAndReturnSizes (23 bytes)
Event: 1.461 Thread 0x0000014c3387f680 3282       3       org.objectweb.asm.MethodWriter::visitMethodInsn (191 bytes)
Event: 1.461 Thread 0x0000014c3378b5d0 nmethod 3279 0x0000014c21783e90 code [0x0000014c21784060, 0x0000014c21784528]
Event: 1.461 Thread 0x0000014c3378b5d0 3284       3       org.objectweb.asm.ByteVector::put11 (52 bytes)
Event: 1.461 Thread 0x0000014c338eeb90 nmethod 3281 0x0000014c21784690 code [0x0000014c21784840, 0x0000014c217849c8]
Event: 1.461 Thread 0x0000014c338eeb90 3283       3       org.objectweb.asm.SymbolTable::addConstantMethodref (24 bytes)
Event: 1.461 Thread 0x0000014c338eeb90 nmethod 3283 0x0000014c21784a90 code [0x0000014c21784c40, 0x0000014c21784de8]
Event: 1.461 Thread 0x0000014c3378b5d0 nmethod 3284 0x0000014c21784e90 code [0x0000014c21785040, 0x0000014c21785248]
Event: 1.462 Thread 0x0000014c3387f680 nmethod 3282 0x0000014c21785390 code [0x0000014c217855c0, 0x0000014c21785dc8]
Event: 1.462 Thread 0x0000014c3387f680 3286       3       org.eclipse.core.filesystem.provider.FileInfo::isDirectory (6 bytes)
Event: 1.462 Thread 0x0000014c338eeb90 3287       3       org.objectweb.asm.SymbolTable::put (150 bytes)
Event: 1.462 Thread 0x0000014c3387f680 nmethod 3286 0x0000014c21786110 code [0x0000014c217862a0, 0x0000014c21786478]
Event: 1.462 Thread 0x0000014c338eeb90 nmethod 3287 0x0000014c21786590 code [0x0000014c21786760, 0x0000014c21786e78]
Event: 1.462 Thread 0x0000014c33774ce0 nmethod 3268 0x0000014c28679b10 code [0x0000014c28679cc0, 0x0000014c2867a398]
Event: 1.462 Thread 0x0000014c33774ce0 3285       4       org.objectweb.asm.Label::resolve (219 bytes)
Event: 1.463 Thread 0x0000014c3387f680 3289       3       java.util.regex.Pattern::newSlice (181 bytes)
Event: 1.463 Thread 0x0000014c3378b5d0 3290       3       java.util.regex.Pattern::atom (422 bytes)
Event: 1.463 Thread 0x0000014c338eeb90 3291 %     3       org.objectweb.asm.ClassReader::<init> @ 110 (371 bytes)

GC Heap History (14 events):
Event: 0.461 GC heap before
{Heap before GC invocations=1 (full 0):
 PSYoungGen      total 29696K, used 25600K [0x00000000eab00000, 0x00000000ecc00000, 0x0000000100000000)
  eden space 25600K, 100% used [0x00000000eab00000,0x00000000ec400000,0x00000000ec400000)
  from space 4096K, 0% used [0x00000000ec800000,0x00000000ec800000,0x00000000ecc00000)
  to   space 4096K, 0% used [0x00000000ec400000,0x00000000ec400000,0x00000000ec800000)
 ParOldGen       total 68608K, used 0K [0x00000000c0000000, 0x00000000c4300000, 0x00000000eab00000)
  object space 68608K, 0% used [0x00000000c0000000,0x00000000c0000000,0x00000000c4300000)
 Metaspace       used 10427K, committed 10624K, reserved 1064960K
  class space    used 1040K, committed 1152K, reserved 1048576K
}
Event: 0.464 GC heap after
{Heap after GC invocations=1 (full 0):
 PSYoungGen      total 29696K, used 3080K [0x00000000eab00000, 0x00000000ecc00000, 0x0000000100000000)
  eden space 25600K, 0% used [0x00000000eab00000,0x00000000eab00000,0x00000000ec400000)
  from space 4096K, 75% used [0x00000000ec400000,0x00000000ec702228,0x00000000ec800000)
  to   space 4096K, 0% used [0x00000000ec800000,0x00000000ec800000,0x00000000ecc00000)
 ParOldGen       total 68608K, used 16K [0x00000000c0000000, 0x00000000c4300000, 0x00000000eab00000)
  object space 68608K, 0% used [0x00000000c0000000,0x00000000c0004000,0x00000000c4300000)
 Metaspace       used 10427K, committed 10624K, reserved 1064960K
  class space    used 1040K, committed 1152K, reserved 1048576K
}
Event: 0.805 GC heap before
{Heap before GC invocations=2 (full 0):
 PSYoungGen      total 29696K, used 28680K [0x00000000eab00000, 0x00000000ecc00000, 0x0000000100000000)
  eden space 25600K, 100% used [0x00000000eab00000,0x00000000ec400000,0x00000000ec400000)
  from space 4096K, 75% used [0x00000000ec400000,0x00000000ec702228,0x00000000ec800000)
  to   space 4096K, 0% used [0x00000000ec800000,0x00000000ec800000,0x00000000ecc00000)
 ParOldGen       total 68608K, used 16K [0x00000000c0000000, 0x00000000c4300000, 0x00000000eab00000)
  object space 68608K, 0% used [0x00000000c0000000,0x00000000c0004000,0x00000000c4300000)
 Metaspace       used 14193K, committed 14464K, reserved 1064960K
  class space    used 1429K, committed 1600K, reserved 1048576K
}
Event: 0.808 GC heap after
{Heap after GC invocations=2 (full 0):
 PSYoungGen      total 29696K, used 4071K [0x00000000eab00000, 0x00000000ecc00000, 0x0000000100000000)
  eden space 25600K, 0% used [0x00000000eab00000,0x00000000eab00000,0x00000000ec400000)
  from space 4096K, 99% used [0x00000000ec800000,0x00000000ecbf9ec0,0x00000000ecc00000)
  to   space 4096K, 0% used [0x00000000ec400000,0x00000000ec400000,0x00000000ec800000)
 ParOldGen       total 68608K, used 1446K [0x00000000c0000000, 0x00000000c4300000, 0x00000000eab00000)
  object space 68608K, 2% used [0x00000000c0000000,0x00000000c0169850,0x00000000c4300000)
 Metaspace       used 14193K, committed 14464K, reserved 1064960K
  class space    used 1429K, committed 1600K, reserved 1048576K
}
Event: 1.048 GC heap before
{Heap before GC invocations=3 (full 0):
 PSYoungGen      total 29696K, used 29671K [0x00000000eab00000, 0x00000000ecc00000, 0x0000000100000000)
  eden space 25600K, 100% used [0x00000000eab00000,0x00000000ec400000,0x00000000ec400000)
  from space 4096K, 99% used [0x00000000ec800000,0x00000000ecbf9ec0,0x00000000ecc00000)
  to   space 4096K, 0% used [0x00000000ec400000,0x00000000ec400000,0x00000000ec800000)
 ParOldGen       total 68608K, used 1446K [0x00000000c0000000, 0x00000000c4300000, 0x00000000eab00000)
  object space 68608K, 2% used [0x00000000c0000000,0x00000000c0169850,0x00000000c4300000)
 Metaspace       used 19371K, committed 19776K, reserved 1073152K
  class space    used 1944K, committed 2112K, reserved 1048576K
}
Event: 1.052 GC heap after
{Heap after GC invocations=3 (full 0):
 PSYoungGen      total 29696K, used 4077K [0x00000000eab00000, 0x00000000ecc00000, 0x0000000100000000)
  eden space 25600K, 0% used [0x00000000eab00000,0x00000000eab00000,0x00000000ec400000)
  from space 4096K, 99% used [0x00000000ec400000,0x00000000ec7fb4b8,0x00000000ec800000)
  to   space 4096K, 0% used [0x00000000ec800000,0x00000000ec800000,0x00000000ecc00000)
 ParOldGen       total 68608K, used 3611K [0x00000000c0000000, 0x00000000c4300000, 0x00000000eab00000)
  object space 68608K, 5% used [0x00000000c0000000,0x00000000c0386ef0,0x00000000c4300000)
 Metaspace       used 19371K, committed 19776K, reserved 1073152K
  class space    used 1944K, committed 2112K, reserved 1048576K
}
Event: 1.154 GC heap before
{Heap before GC invocations=4 (full 0):
 PSYoungGen      total 29696K, used 14918K [0x00000000eab00000, 0x00000000ecc00000, 0x0000000100000000)
  eden space 25600K, 42% used [0x00000000eab00000,0x00000000eb596658,0x00000000ec400000)
  from space 4096K, 99% used [0x00000000ec400000,0x00000000ec7fb4b8,0x00000000ec800000)
  to   space 4096K, 0% used [0x00000000ec800000,0x00000000ec800000,0x00000000ecc00000)
 ParOldGen       total 68608K, used 3611K [0x00000000c0000000, 0x00000000c4300000, 0x00000000eab00000)
  object space 68608K, 5% used [0x00000000c0000000,0x00000000c0386ef0,0x00000000c4300000)
 Metaspace       used 21075K, committed 21504K, reserved 1073152K
  class space    used 2130K, committed 2368K, reserved 1048576K
}
Event: 1.156 GC heap after
{Heap after GC invocations=4 (full 0):
 PSYoungGen      total 29696K, used 4088K [0x00000000eab00000, 0x00000000ecc00000, 0x0000000100000000)
  eden space 25600K, 0% used [0x00000000eab00000,0x00000000eab00000,0x00000000ec400000)
  from space 4096K, 99% used [0x00000000ec800000,0x00000000ecbfe3a8,0x00000000ecc00000)
  to   space 4096K, 0% used [0x00000000ec400000,0x00000000ec400000,0x00000000ec800000)
 ParOldGen       total 68608K, used 4221K [0x00000000c0000000, 0x00000000c4300000, 0x00000000eab00000)
  object space 68608K, 6% used [0x00000000c0000000,0x00000000c041f628,0x00000000c4300000)
 Metaspace       used 21075K, committed 21504K, reserved 1073152K
  class space    used 2130K, committed 2368K, reserved 1048576K
}
Event: 1.156 GC heap before
{Heap before GC invocations=5 (full 1):
 PSYoungGen      total 29696K, used 4088K [0x00000000eab00000, 0x00000000ecc00000, 0x0000000100000000)
  eden space 25600K, 0% used [0x00000000eab00000,0x00000000eab00000,0x00000000ec400000)
  from space 4096K, 99% used [0x00000000ec800000,0x00000000ecbfe3a8,0x00000000ecc00000)
  to   space 4096K, 0% used [0x00000000ec400000,0x00000000ec400000,0x00000000ec800000)
 ParOldGen       total 68608K, used 4221K [0x00000000c0000000, 0x00000000c4300000, 0x00000000eab00000)
  object space 68608K, 6% used [0x00000000c0000000,0x00000000c041f628,0x00000000c4300000)
 Metaspace       used 21075K, committed 21504K, reserved 1073152K
  class space    used 2130K, committed 2368K, reserved 1048576K
}
Event: 1.168 GC heap after
{Heap after GC invocations=5 (full 1):
 PSYoungGen      total 29696K, used 0K [0x00000000eab00000, 0x00000000ecc00000, 0x0000000100000000)
  eden space 25600K, 0% used [0x00000000eab00000,0x00000000eab00000,0x00000000ec400000)
  from space 4096K, 0% used [0x00000000ec800000,0x00000000ec800000,0x00000000ecc00000)
  to   space 4096K, 0% used [0x00000000ec400000,0x00000000ec400000,0x00000000ec800000)
 ParOldGen       total 68608K, used 8075K [0x00000000c0000000, 0x00000000c4300000, 0x00000000eab00000)
  object space 68608K, 11% used [0x00000000c0000000,0x00000000c07e2ea8,0x00000000c4300000)
 Metaspace       used 21062K, committed 21504K, reserved 1073152K
  class space    used 2127K, committed 2368K, reserved 1048576K
}
Event: 1.349 GC heap before
{Heap before GC invocations=6 (full 1):
 PSYoungGen      total 29696K, used 25600K [0x00000000eab00000, 0x00000000ecc00000, 0x0000000100000000)
  eden space 25600K, 100% used [0x00000000eab00000,0x00000000ec400000,0x00000000ec400000)
  from space 4096K, 0% used [0x00000000ec800000,0x00000000ec800000,0x00000000ecc00000)
  to   space 4096K, 0% used [0x00000000ec400000,0x00000000ec400000,0x00000000ec800000)
 ParOldGen       total 68608K, used 8075K [0x00000000c0000000, 0x00000000c4300000, 0x00000000eab00000)
  object space 68608K, 11% used [0x00000000c0000000,0x00000000c07e2ea8,0x00000000c4300000)
 Metaspace       used 24759K, committed 25408K, reserved 1073152K
  class space    used 2556K, committed 2816K, reserved 1048576K
}
Event: 1.350 GC heap after
{Heap after GC invocations=6 (full 1):
 PSYoungGen      total 27648K, used 2100K [0x00000000eab00000, 0x00000000eca80000, 0x0000000100000000)
  eden space 25088K, 0% used [0x00000000eab00000,0x00000000eab00000,0x00000000ec380000)
  from space 2560K, 82% used [0x00000000ec400000,0x00000000ec60d258,0x00000000ec680000)
  to   space 3584K, 0% used [0x00000000ec700000,0x00000000ec700000,0x00000000eca80000)
 ParOldGen       total 68608K, used 8083K [0x00000000c0000000, 0x00000000c4300000, 0x00000000eab00000)
  object space 68608K, 11% used [0x00000000c0000000,0x00000000c07e4ea8,0x00000000c4300000)
 Metaspace       used 24759K, committed 25408K, reserved 1073152K
  class space    used 2556K, committed 2816K, reserved 1048576K
}
Event: 1.441 GC heap before
{Heap before GC invocations=7 (full 1):
 PSYoungGen      total 27648K, used 27188K [0x00000000eab00000, 0x00000000eca80000, 0x0000000100000000)
  eden space 25088K, 100% used [0x00000000eab00000,0x00000000ec380000,0x00000000ec380000)
  from space 2560K, 82% used [0x00000000ec400000,0x00000000ec60d258,0x00000000ec680000)
  to   space 3584K, 0% used [0x00000000ec700000,0x00000000ec700000,0x00000000eca80000)
 ParOldGen       total 68608K, used 8083K [0x00000000c0000000, 0x00000000c4300000, 0x00000000eab00000)
  object space 68608K, 11% used [0x00000000c0000000,0x00000000c07e4ea8,0x00000000c4300000)
 Metaspace       used 27840K, committed 28480K, reserved 1081344K
  class space    used 2764K, committed 3008K, reserved 1048576K
}
Event: 1.442 GC heap after
{Heap after GC invocations=7 (full 1):
 PSYoungGen      total 27648K, used 2724K [0x00000000eab00000, 0x00000000eca00000, 0x0000000100000000)
  eden space 24576K, 0% used [0x00000000eab00000,0x00000000eab00000,0x00000000ec300000)
  from space 3072K, 88% used [0x00000000ec700000,0x00000000ec9a9168,0x00000000eca00000)
  to   space 3072K, 0% used [0x00000000ec400000,0x00000000ec400000,0x00000000ec700000)
 ParOldGen       total 68608K, used 8091K [0x00000000c0000000, 0x00000000c4300000, 0x00000000eab00000)
  object space 68608K, 11% used [0x00000000c0000000,0x00000000c07e6ea8,0x00000000c4300000)
 Metaspace       used 27840K, committed 28480K, reserved 1081344K
  class space    used 2764K, committed 3008K, reserved 1048576K
}

Deoptimization events (20 events):
Event: 1.215 Thread 0x0000014c37112a60 Uncommon trap: trap_request=0xffffff45 fr.pc=0x0000014c285952bc relative=0x00000000000020bc
Event: 1.215 Thread 0x0000014c37112a60 Uncommon trap: reason=unstable_if action=reinterpret pc=0x0000014c285952bc method=java.util.jar.Manifest$FastInputStream.peek()B @ 8 c2
Event: 1.215 Thread 0x0000014c37112a60 DEOPT PACKING pc=0x0000014c285952bc sp=0x0000001ffe8f36c0
Event: 1.215 Thread 0x0000014c37112a60 DEOPT UNPACKING pc=0x0000014c209f20a3 sp=0x0000001ffe8f3658 mode 2
Event: 1.216 Thread 0x0000014c37112a60 Uncommon trap: trap_request=0xffffff45 fr.pc=0x0000014c2858ab04 relative=0x0000000000000084
Event: 1.216 Thread 0x0000014c37112a60 Uncommon trap: reason=unstable_if action=reinterpret pc=0x0000014c2858ab04 method=java.util.jar.Manifest$FastInputStream.peek()B @ 8 c2
Event: 1.216 Thread 0x0000014c37112a60 DEOPT PACKING pc=0x0000014c2858ab04 sp=0x0000001ffe8f36c0
Event: 1.216 Thread 0x0000014c37112a60 DEOPT UNPACKING pc=0x0000014c209f20a3 sp=0x0000001ffe8f3658 mode 2
Event: 1.243 Thread 0x0000014c37112a60 DEOPT PACKING pc=0x0000014c216158d6 sp=0x0000001ffe8ef2d0
Event: 1.243 Thread 0x0000014c37112a60 DEOPT UNPACKING pc=0x0000014c209f2843 sp=0x0000001ffe8ee758 mode 0
Event: 1.250 Thread 0x0000014c37112a60 Uncommon trap: trap_request=0xffffffcc fr.pc=0x0000014c2863c4d8 relative=0x0000000000000338
Event: 1.250 Thread 0x0000014c37112a60 Uncommon trap: reason=intrinsic_or_type_checked_inlining action=make_not_entrant pc=0x0000014c2863c4d8 method=java.util.Arrays.copyOf([Ljava/lang/Object;ILjava/lang/Class;)[Ljava/lang/Object; @ 35 c2
Event: 1.250 Thread 0x0000014c37112a60 DEOPT PACKING pc=0x0000014c2863c4d8 sp=0x0000001ffe8f3f30
Event: 1.250 Thread 0x0000014c37112a60 DEOPT UNPACKING pc=0x0000014c209f20a3 sp=0x0000001ffe8f3ec0 mode 2
Event: 1.324 Thread 0x0000014c37112a60 DEOPT PACKING pc=0x0000014c211d8d9e sp=0x0000001ffe8f4310
Event: 1.324 Thread 0x0000014c37112a60 DEOPT UNPACKING pc=0x0000014c209f2843 sp=0x0000001ffe8f3808 mode 0
Event: 1.333 Thread 0x0000014c36188cb0 DEOPT PACKING pc=0x0000014c2143ac94 sp=0x0000001fff2fe600
Event: 1.333 Thread 0x0000014c36188cb0 DEOPT UNPACKING pc=0x0000014c209f2843 sp=0x0000001fff2fdb58 mode 0
Event: 1.333 Thread 0x0000014c37112a60 DEOPT PACKING pc=0x0000014c2143ac94 sp=0x0000001ffe8fa900
Event: 1.333 Thread 0x0000014c37112a60 DEOPT UNPACKING pc=0x0000014c209f2843 sp=0x0000001ffe8f9e58 mode 0

Classes unloaded (7 events):
Event: 1.158 Thread 0x0000014c1bb6ec00 Unloading class 0x000000010020fc00 'java/lang/invoke/LambdaForm$MH+0x000000010020fc00'
Event: 1.158 Thread 0x0000014c1bb6ec00 Unloading class 0x000000010020f800 'java/lang/invoke/LambdaForm$MH+0x000000010020f800'
Event: 1.158 Thread 0x0000014c1bb6ec00 Unloading class 0x000000010020f400 'java/lang/invoke/LambdaForm$MH+0x000000010020f400'
Event: 1.158 Thread 0x0000014c1bb6ec00 Unloading class 0x000000010020f000 'java/lang/invoke/LambdaForm$MH+0x000000010020f000'
Event: 1.158 Thread 0x0000014c1bb6ec00 Unloading class 0x000000010020e800 'java/lang/invoke/LambdaForm$BMH+0x000000010020e800'
Event: 1.158 Thread 0x0000014c1bb6ec00 Unloading class 0x000000010020e400 'java/lang/invoke/LambdaForm$DMH+0x000000010020e400'
Event: 1.158 Thread 0x0000014c1bb6ec00 Unloading class 0x000000010020a400 'java/lang/invoke/LambdaForm$DMH+0x000000010020a400'

Classes redefined (0 events):
No events

Internal exceptions (20 events):
Event: 1.297 Thread 0x0000014c37112a60 Exception <a 'java/lang/NoSuchMethodError'{0x00000000ebbe42f8}: 'int java.lang.invoke.DirectMethodHandle$Holder.invokeVirtual(java.lang.Object, java.lang.Object, java.lang.Object)'> (0x00000000ebbe42f8) 
thrown [s\src\hotspot\share\interpreter\linkResolver.cpp, line 759]
Event: 1.297 Thread 0x0000014c37112a60 Exception <a 'java/lang/NoSuchMethodError'{0x00000000ebbe88f8}: 'int java.lang.invoke.DirectMethodHandle$Holder.invokeVirtual(java.lang.Object, java.lang.Object)'> (0x00000000ebbe88f8) 
thrown [s\src\hotspot\share\interpreter\linkResolver.cpp, line 759]
Event: 1.297 Thread 0x0000014c37112a60 Exception <a 'java/lang/NoSuchMethodError'{0x00000000ebbed858}: 'int java.lang.invoke.DirectMethodHandle$Holder.invokeStaticInit(java.lang.Object, int, int)'> (0x00000000ebbed858) 
thrown [s\src\hotspot\share\interpreter\linkResolver.cpp, line 759]
Event: 1.298 Thread 0x0000014c37112a60 Exception <a 'java/lang/NoSuchMethodError'{0x00000000ebbf5d90}: 'int java.lang.invoke.DirectMethodHandle$Holder.invokeStaticInit(java.lang.Object, long, long)'> (0x00000000ebbf5d90) 
thrown [s\src\hotspot\share\interpreter\linkResolver.cpp, line 759]
Event: 1.298 Thread 0x0000014c37112a60 Exception <a 'java/lang/NoSuchMethodError'{0x00000000ebbfdb90}: 'int java.lang.invoke.DirectMethodHandle$Holder.invokeStaticInit(java.lang.Object, float, float)'> (0x00000000ebbfdb90) 
thrown [s\src\hotspot\share\interpreter\linkResolver.cpp, line 759]
Event: 1.298 Thread 0x0000014c37112a60 Exception <a 'java/lang/NoSuchMethodError'{0x00000000ebc05730}: 'int java.lang.invoke.DirectMethodHandle$Holder.invokeStaticInit(java.lang.Object, double, double)'> (0x00000000ebc05730) 
thrown [s\src\hotspot\share\interpreter\linkResolver.cpp, line 759]
Event: 1.298 Thread 0x0000014c37112a60 Exception <a 'java/lang/NoSuchMethodError'{0x00000000ebc0aa80}: 'int java.lang.invoke.DirectMethodHandle$Holder.invokeStatic(java.lang.Object, long)'> (0x00000000ebc0aa80) 
thrown [s\src\hotspot\share\interpreter\linkResolver.cpp, line 759]
Event: 1.299 Thread 0x0000014c37112a60 Exception <a 'java/lang/NoSuchMethodError'{0x00000000ebc36830}: 'int java.lang.invoke.Invokers$Holder.linkToTargetMethod(java.lang.Object, java.lang.Object)'> (0x00000000ebc36830) 
thrown [s\src\hotspot\share\interpreter\linkResolver.cpp, line 759]
Event: 1.302 Thread 0x0000014c37112a60 Exception <a 'java/lang/NoSuchMethodError'{0x00000000ebc9af60}: 'java.lang.Object java.lang.invoke.DirectMethodHandle$Holder.invokeSpecial(java.lang.Object, java.lang.Object, java.lang.Object, java.lang.Object, java.lang.Object, java.lang.Object, java.lang.Object, java.lang.Object, java.lang.Object, java.lang.Object)'> (0x00000000ebc9af60) 
thrown [s\src\hotspot\share\interpreter\linkResolver.cpp, line 759]
Event: 1.302 Thread 0x0000014c37112a60 Exception <a 'java/lang/NoSuchMethodError'{0x00000000ebca01b0}: 'java.lang.Object java.lang.invoke.Invokers$Holder.invoke_MT(java.lang.Object, java.lang.Object, java.lang.Object, java.lang.Object, java.lang.Object, java.lang.Object, java.lang.Object, java.lang.Object, java.lang.Object, java.lang.Object)'> (0x00000000ebca01b0) 
thrown [s\src\hotspot\share\interpreter\linkResolver.cpp, line 759]
Event: 1.306 Thread 0x0000014c37112a60 Exception <a 'java/lang/NoSuchMethodError'{0x00000000ebcfc450}: 'java.lang.Object java.lang.invoke.DirectMethodHandle$Holder.invokeSpecial(java.lang.Object, java.lang.Object, java.lang.Object, java.lang.Object, java.lang.Object, java.lang.Object, java.lang.Object, java.lang.Object, java.lang.Object)'> (0x00000000ebcfc450) 
thrown [s\src\hotspot\share\interpreter\linkResolver.cpp, line 759]
Event: 1.306 Thread 0x0000014c37112a60 Exception <a 'java/lang/NoSuchMethodError'{0x00000000ebd01d68}: 'java.lang.Object java.lang.invoke.Invokers$Holder.invoke_MT(java.lang.Object, java.lang.Object, java.lang.Object, java.lang.Object, java.lang.Object, java.lang.Object, java.lang.Object, java.lang.Object, java.lang.Object)'> (0x00000000ebd01d68) 
thrown [s\src\hotspot\share\interpreter\linkResolver.cpp, line 759]
Event: 1.310 Thread 0x0000014c37112a60 Exception <a 'java/lang/NoSuchMethodError'{0x00000000ebd88398}: 'java.lang.Object java.lang.invoke.DirectMethodHandle$Holder.newInvokeSpecial(java.lang.Object, java.lang.Object, java.lang.Object, java.lang.Object, java.lang.Object, java.lang.Object, java.lang.Object)'> (0x00000000ebd88398) 
thrown [s\src\hotspot\share\interpreter\linkResolver.cpp, line 759]
Event: 1.314 Thread 0x0000014c37112a60 Exception <a 'java/lang/NoSuchMethodError'{0x00000000ebddd0b8}: 'java.lang.Object java.lang.invoke.DirectMethodHandle$Holder.invokeSpecial(java.lang.Object, java.lang.Object, java.lang.Object, java.lang.Object, java.lang.Object, java.lang.Object, java.lang.Object, java.lang.Object, java.lang.Object, java.lang.Object, java.lang.Object, java.lang.Object, java.lang.Object)'> (0x00000000ebddd0b8) 
thrown [s\src\hotspot\share\interpreter\linkResolver.cpp, line 759]
Event: 1.315 Thread 0x0000014c37112a60 Exception <a 'java/lang/NoSuchMethodError'{0x00000000ebde2be8}: 'java.lang.Object java.lang.invoke.Invokers$Holder.invoker(java.lang.Object, java.lang.Object, java.lang.Object, java.lang.Object, java.lang.Object, java.lang.Object, java.lang.Object, java.lang.Object, java.lang.Object, java.lang.Object, java.lang.Object, java.lang.Object, java.lang.Object)'> (0x00000000ebde2be8) 
thrown [s\src\hotspot\share\interpreter\linkResolver.cpp, line 759]
Event: 1.315 Thread 0x0000014c37112a60 Exception <a 'java/lang/NoSuchMethodError'{0x00000000ebde98e8}: 'java.lang.Object java.lang.invoke.DirectMethodHandle$Holder.invokeSpecial(java.lang.Object, java.lang.Object, java.lang.Object, java.lang.Object, java.lang.Object, java.lang.Object, java.lang.Object, java.lang.Object, java.lang.Object, java.lang.Object, java.lang.Object, java.lang.Object, java.lang.Object, java.lang.Object)'> (0x00000000ebde98e8) 
thrown [s\src\hotspot\share\interpreter\linkResolver.cpp, line 759]
Event: 1.318 Thread 0x0000014c37112a60 Exception <a 'java/lang/NoSuchMethodError'{0x00000000ebe3ddf0}: static Lorg/eclipse/m2e/core/internal/lifecyclemapping/model/PluginExecutionMetadata;.<clinit>()V> (0x00000000ebe3ddf0) 
thrown [s\src\hotspot\share\prims\jni.cpp, line 1107]
Event: 1.320 Thread 0x0000014c37112a60 Exception <a 'java/lang/NoSuchMethodError'{0x00000000ebe8f918}: static Lorg/eclipse/m2e/core/internal/lifecyclemapping/model/PluginExecutionFilter;.<clinit>()V> (0x00000000ebe8f918) 
thrown [s\src\hotspot\share\prims\jni.cpp, line 1107]
Event: 1.334 Thread 0x0000014c36188cb0 Exception <a 'java/io/FileNotFoundException'{0x00000000ec0a2f30}> (0x00000000ec0a2f30) 
thrown [s\src\hotspot\share\prims\jni.cpp, line 516]
Event: 1.404 Thread 0x0000014c36188cb0 Exception <a 'sun/nio/fs/WindowsException'{0x00000000ebbed548}> (0x00000000ebbed548) 
thrown [s\src\hotspot\share\prims\jni.cpp, line 516]

VM Operations (20 events):
Event: 1.048 Executing VM operation: ParallelGCFailedAllocation
Event: 1.052 Executing VM operation: ParallelGCFailedAllocation done
Event: 1.064 Executing VM operation: HandshakeAllThreads
Event: 1.064 Executing VM operation: HandshakeAllThreads done
Event: 1.154 Executing VM operation: CollectForMetadataAllocation
Event: 1.168 Executing VM operation: CollectForMetadataAllocation done
Event: 1.187 Executing VM operation: HandshakeAllThreads
Event: 1.187 Executing VM operation: HandshakeAllThreads done
Event: 1.243 Executing VM operation: HandshakeAllThreads
Event: 1.243 Executing VM operation: HandshakeAllThreads done
Event: 1.265 Executing VM operation: HandshakeAllThreads
Event: 1.265 Executing VM operation: HandshakeAllThreads done
Event: 1.265 Executing VM operation: HandshakeAllThreads
Event: 1.265 Executing VM operation: HandshakeAllThreads done
Event: 1.289 Executing VM operation: HandshakeAllThreads
Event: 1.289 Executing VM operation: HandshakeAllThreads done
Event: 1.348 Executing VM operation: ParallelGCFailedAllocation
Event: 1.350 Executing VM operation: ParallelGCFailedAllocation done
Event: 1.441 Executing VM operation: ParallelGCFailedAllocation
Event: 1.442 Executing VM operation: ParallelGCFailedAllocation done

Events (20 events):
Event: 1.347 loading class java/util/zip/GZIPInputStream
Event: 1.347 loading class java/util/zip/GZIPInputStream done
Event: 1.348 loading class java/net/SocketTimeoutException
Event: 1.348 loading class java/io/InterruptedIOException
Event: 1.348 loading class java/io/InterruptedIOException done
Event: 1.348 loading class java/net/SocketTimeoutException done
Event: 1.348 loading class java/net/SocketException
Event: 1.350 loading class java/net/SocketException done
Event: 1.350 loading class java/net/UnknownHostException
Event: 1.350 loading class java/net/UnknownHostException done
Event: 1.350 loading class java/net/ProtocolException
Event: 1.350 loading class java/net/ProtocolException done
Event: 1.379 loading class java/lang/NegativeArraySizeException
Event: 1.379 loading class java/lang/NegativeArraySizeException done
Event: 1.389 loading class java/util/regex/PatternSyntaxException
Event: 1.389 loading class java/util/regex/PatternSyntaxException done
Event: 1.403 loading class sun/nio/fs/WindowsSecurityDescriptor
Event: 1.403 loading class sun/nio/fs/WindowsSecurityDescriptor done
Event: 1.403 loading class sun/nio/fs/WindowsException
Event: 1.404 loading class sun/nio/fs/WindowsException done


Dynamic libraries:
0x00007ff705090000 - 0x00007ff70509e000 	c:\Users\L13Y09W32\.antigravity\extensions\redhat.java-1.12.0-win32-x64\jre\17.0.4.1-win32-x86_64\bin\java.exe
0x00007ffd5c990000 - 0x00007ffd5cba8000 	C:\WINDOWS\SYSTEM32\ntdll.dll
0x00007ffd5b140000 - 0x00007ffd5b204000 	C:\WINDOWS\System32\KERNEL32.DLL
0x00007ffd59b70000 - 0x00007ffd59f43000 	C:\WINDOWS\System32\KERNELBASE.dll
0x00007ffd5a090000 - 0x00007ffd5a1a1000 	C:\WINDOWS\System32\ucrtbase.dll
0x00007ffd06a40000 - 0x00007ffd06a58000 	c:\Users\L13Y09W32\.antigravity\extensions\redhat.java-1.12.0-win32-x64\jre\17.0.4.1-win32-x86_64\bin\jli.dll
0x00007ffd06a00000 - 0x00007ffd06a19000 	c:\Users\L13Y09W32\.antigravity\extensions\redhat.java-1.12.0-win32-x64\jre\17.0.4.1-win32-x86_64\bin\VCRUNTIME140.dll
0x00007ffd5bc40000 - 0x00007ffd5bdf2000 	C:\WINDOWS\System32\USER32.dll
0x00007ffd58d80000 - 0x00007ffd5901c000 	C:\WINDOWS\WinSxS\amd64_microsoft.windows.common-controls_6595b64144ccf1df_6.0.22621.6060_none_2712eda17382d24b\COMCTL32.dll
0x00007ffd5a4c0000 - 0x00007ffd5a4e6000 	C:\WINDOWS\System32\win32u.dll
0x00007ffd5bf30000 - 0x00007ffd5bfd7000 	C:\WINDOWS\System32\msvcrt.dll
0x00007ffd5b0f0000 - 0x00007ffd5b119000 	C:\WINDOWS\System32\GDI32.dll
0x00007ffd5a3a0000 - 0x00007ffd5a4bb000 	C:\WINDOWS\System32\gdi32full.dll
0x00007ffd59aa0000 - 0x00007ffd59b3a000 	C:\WINDOWS\System32\msvcp_win.dll
0x00007ffd5b040000 - 0x00007ffd5b071000 	C:\WINDOWS\System32\IMM32.DLL
0x00007ffd069f0000 - 0x00007ffd069fc000 	c:\Users\L13Y09W32\.antigravity\extensions\redhat.java-1.12.0-win32-x64\jre\17.0.4.1-win32-x86_64\bin\vcruntime140_1.dll
0x00007ffcf5060000 - 0x00007ffcf50f1000 	c:\Users\L13Y09W32\.antigravity\extensions\redhat.java-1.12.0-win32-x64\jre\17.0.4.1-win32-x86_64\bin\msvcp140.dll
0x00007ffcea790000 - 0x00007ffceb3d6000 	c:\Users\L13Y09W32\.antigravity\extensions\redhat.java-1.12.0-win32-x64\jre\17.0.4.1-win32-x86_64\bin\server\jvm.dll
0x00007ffd5c6c0000 - 0x00007ffd5c771000 	C:\WINDOWS\System32\ADVAPI32.dll
0x00007ffd5be00000 - 0x00007ffd5bea8000 	C:\WINDOWS\System32\sechost.dll
0x00007ffd59b40000 - 0x00007ffd59b68000 	C:\WINDOWS\System32\bcrypt.dll
0x00007ffd5b920000 - 0x00007ffd5ba38000 	C:\WINDOWS\System32\RPCRT4.dll
0x00007ffd5a630000 - 0x00007ffd5a638000 	C:\WINDOWS\System32\PSAPI.DLL
0x00007ffd3b2c0000 - 0x00007ffd3b2c9000 	C:\WINDOWS\SYSTEM32\WSOCK32.dll
0x00007ffd53ab0000 - 0x00007ffd53aba000 	C:\WINDOWS\SYSTEM32\VERSION.dll
0x00007ffd5beb0000 - 0x00007ffd5bf21000 	C:\WINDOWS\System32\WS2_32.dll
0x00007ffd50d20000 - 0x00007ffd50d54000 	C:\WINDOWS\SYSTEM32\WINMM.dll
0x00007ffd58330000 - 0x00007ffd58348000 	C:\WINDOWS\SYSTEM32\kernel.appcore.dll
0x00007ffd06940000 - 0x00007ffd0694a000 	c:\Users\L13Y09W32\.antigravity\extensions\redhat.java-1.12.0-win32-x64\jre\17.0.4.1-win32-x86_64\bin\jimage.dll
0x00007ffd59400000 - 0x00007ffd59633000 	C:\WINDOWS\SYSTEM32\DBGHELP.DLL
0x00007ffd5b370000 - 0x00007ffd5b701000 	C:\WINDOWS\System32\combase.dll
0x00007ffd5c020000 - 0x00007ffd5c0f8000 	C:\WINDOWS\System32\OLEAUT32.dll
0x00007ffd59250000 - 0x00007ffd59282000 	C:\WINDOWS\SYSTEM32\dbgcore.DLL
0x00007ffd5a1b0000 - 0x00007ffd5a22b000 	C:\WINDOWS\System32\bcryptPrimitives.dll
0x00007ffd06930000 - 0x00007ffd0693e000 	c:\Users\L13Y09W32\.antigravity\extensions\redhat.java-1.12.0-win32-x64\jre\17.0.4.1-win32-x86_64\bin\instrument.dll
0x00007ffcf5300000 - 0x00007ffcf5325000 	c:\Users\L13Y09W32\.antigravity\extensions\redhat.java-1.12.0-win32-x64\jre\17.0.4.1-win32-x86_64\bin\java.dll
0x00007ffcf52e0000 - 0x00007ffcf52f8000 	c:\Users\L13Y09W32\.antigravity\extensions\redhat.java-1.12.0-win32-x64\jre\17.0.4.1-win32-x86_64\bin\zip.dll
0x00007ffd5a690000 - 0x00007ffd5af2c000 	C:\WINDOWS\System32\SHELL32.dll
0x00007ffd5a4f0000 - 0x00007ffd5a62f000 	C:\WINDOWS\System32\wintypes.dll
0x00007ffd571e0000 - 0x00007ffd57afa000 	C:\WINDOWS\SYSTEM32\windows.storage.dll
0x00007ffd5af30000 - 0x00007ffd5b034000 	C:\WINDOWS\System32\SHCORE.dll
0x00007ffd5b080000 - 0x00007ffd5b0e9000 	C:\WINDOWS\System32\shlwapi.dll
0x00007ffd599d0000 - 0x00007ffd599f5000 	C:\WINDOWS\SYSTEM32\profapi.dll
0x00007ffcf52c0000 - 0x00007ffcf52d9000 	C:\Users\L13Y09W32\.antigravity\extensions\redhat.java-1.12.0-win32-x64\jre\17.0.4.1-win32-x86_64\bin\net.dll
0x00007ffd52910000 - 0x00007ffd52a3c000 	C:\WINDOWS\SYSTEM32\WINHTTP.dll
0x00007ffd58820000 - 0x00007ffd58889000 	C:\WINDOWS\system32\mswsock.dll
0x00007ffcf52a0000 - 0x00007ffcf52b5000 	C:\Users\L13Y09W32\.antigravity\extensions\redhat.java-1.12.0-win32-x64\jre\17.0.4.1-win32-x86_64\bin\nio.dll
0x00007ffd05cd0000 - 0x00007ffd05ce0000 	c:\Users\L13Y09W32\.antigravity\extensions\redhat.java-1.12.0-win32-x64\jre\17.0.4.1-win32-x86_64\bin\verify.dll
0x00007ffcf51f0000 - 0x00007ffcf522e000 	C:\Users\L13Y09W32\AppData\Roaming\Antigravity\User\globalStorage\redhat.java\1.12.0\config_win\org.eclipse.equinox.launcher\org.eclipse.equinox.launcher.win32.win32.x86_64_1.2.600.v20220720-1916\eclipse_11700.dll
0x00007ffd5b770000 - 0x00007ffd5b911000 	C:\WINDOWS\System32\ole32.dll

dbghelp: loaded successfully - version: 4.0.5 - missing functions: none
symbol engine: initialized successfully - sym options: 0x614 - pdb path: .;c:\Users\L13Y09W32\.antigravity\extensions\redhat.java-1.12.0-win32-x64\jre\17.0.4.1-win32-x86_64\bin;C:\WINDOWS\SYSTEM32;C:\WINDOWS\WinSxS\amd64_microsoft.windows.common-controls_6595b64144ccf1df_6.0.22621.6060_none_2712eda17382d24b;c:\Users\L13Y09W32\.antigravity\extensions\redhat.java-1.12.0-win32-x64\jre\17.0.4.1-win32-x86_64\bin\server;C:\Users\L13Y09W32\AppData\Roaming\Antigravity\User\globalStorage\redhat.java\1.12.0\config_win\org.eclipse.equinox.launcher\org.eclipse.equinox.launcher.win32.win32.x86_64_1.2.600.v20220720-1916

VM Arguments:
jvm_args: --add-modules=ALL-SYSTEM --add-opens=java.base/java.util=ALL-UNNAMED --add-opens=java.base/java.lang=ALL-UNNAMED --add-opens=java.base/sun.nio.fs=ALL-UNNAMED -Declipse.application=org.eclipse.jdt.ls.core.id1 -Dosgi.bundles.defaultStartLevel=4 -Declipse.product=org.eclipse.jdt.ls.core.product -Djava.import.generatesMetadataFilesAtProjectRoot=false -Dfile.encoding=utf8 -XX:+UseParallelGC -XX:GCTimeRatio=4 -XX:AdaptiveSizePolicyWeight=90 -Dsun.zip.disableMemoryMapping=true -Xmx1G -Xms100m -Xlog:disable -javaagent:c:\Users\L13Y09W32\.antigravity\extensions\redhat.java-1.12.0-win32-x64\lombok\lombok-1.18.24.jar -XX:+HeapDumpOnOutOfMemoryError -XX:HeapDumpPath=c:\Users\L13Y09W32\AppData\Roaming\Antigravity\User\workspaceStorage\b41553189379a344687bbff73877ad42\redhat.java 
java_command: c:\Users\L13Y09W32\.antigravity\extensions\redhat.java-1.12.0-win32-x64\server\plugins\org.eclipse.equinox.launcher_1.6.400.v20210924-0641.jar -configuration c:\Users\L13Y09W32\AppData\Roaming\Antigravity\User\globalStorage\redhat.java\1.12.0\config_win -data c:\Users\L13Y09W32\AppData\Roaming\Antigravity\User\workspaceStorage\b41553189379a344687bbff73877ad42\redhat.java\jdt_ws
java_class_path (initial): c:\Users\L13Y09W32\.antigravity\extensions\redhat.java-1.12.0-win32-x64\server\plugins\org.eclipse.equinox.launcher_1.6.400.v20210924-0641.jar
Launcher Type: SUN_STANDARD

[Global flags]
    uintx AdaptiveSizePolicyWeight                 = 90                                        {product} {command line}
     intx CICompilerCount                          = 12                                        {product} {ergonomic}
    uintx GCTimeRatio                              = 4                                         {product} {command line}
     bool HeapDumpOnOutOfMemoryError               = true                                   {manageable} {command line}
    ccstr HeapDumpPath                             = c:\Users\L13Y09W32\AppData\Roaming\Antigravity\User\workspaceStorage\b41553189379a344687bbff73877ad42\redhat.java         {manageable} {command line}
   size_t InitialHeapSize                          = 104857600                                 {product} {command line}
   size_t MaxHeapSize                              = 1073741824                                {product} {command line}
   size_t MaxNewSize                               = 357564416                                 {product} {ergonomic}
   size_t MinHeapDeltaBytes                        = 524288                                    {product} {ergonomic}
   size_t MinHeapSize                              = 104857600                                 {product} {command line}
   size_t NewSize                                  = 34603008                                  {product} {ergonomic}
    uintx NonNMethodCodeHeapSize                   = 7602480                                {pd product} {ergonomic}
    uintx NonProfiledCodeHeapSize                  = 122027880                              {pd product} {ergonomic}
   size_t OldSize                                  = 70254592                                  {product} {ergonomic}
    uintx ProfiledCodeHeapSize                     = 122027880                              {pd product} {ergonomic}
    uintx ReservedCodeCacheSize                    = 251658240                              {pd product} {ergonomic}
     bool SegmentedCodeCache                       = true                                      {product} {ergonomic}
   size_t SoftMaxHeapSize                          = 1073741824                             {manageable} {ergonomic}
     bool UseCompressedClassPointers               = true                           {product lp64_product} {ergonomic}
     bool UseCompressedOops                        = true                           {product lp64_product} {ergonomic}
     bool UseLargePagesIndividualAllocation        = false                                  {pd product} {ergonomic}
     bool UseParallelGC                            = true                                      {product} {command line}

Logging:
Log output configuration:
 #0: stdout all=off uptime,level,tags
 #1: stderr all=off uptime,level,tags

Environment Variables:
PATH=C:\Program Files (x86)\VMware\VMware Workstation\bin\;C:\Program Files\Microsoft\jdk-11.0.12.7-hotspot\bin;C:\Program Files\Common Files\Oracle\Java\javapath;C:\Program Files (x86)\Common Files\Oracle\Java\javapath;C:\WINDOWS\system32;C:\WINDOWS;C:\WINDOWS\System32\Wbem;C:\WINDOWS\System32\WindowsPowerShell\v1.0\;C:\WINDOWS\System32\OpenSSH\;C:\Program Files\Microsoft SQL Server\150\Tools\Binn\;C:\Program Files\Microsoft SQL Server\Client SDK\ODBC\170\Tools\Binn\;C:\Program Files\dotnet\;C:\Program Files (x86)\IncrediBuild;C:\Program Files\Git\cmd;C:\Program Files\nodejs\;C:\Users\L13Y09W32\AppData\Local\Programs\Eclipse Adoptium\jdk-25.0.2.10-hotspot\bin;C:\Users\L13Y09W32\AppData\Local\Microsoft\WindowsApps;C:\Users\L13Y09W32\AppData\Local\Programs\Microsoft VS Code\bin;C:\Users\L13Y09W32\AppData\Local\Programs\Antigravity\bin
USERNAME=L13Y09W32
OS=Windows_NT
PROCESSOR_IDENTIFIER=Intel64 Family 6 Model 151 Stepping 2, GenuineIntel
TMP=C:\Users\L13Y09~1\AppData\Local\Temp
TEMP=C:\Users\L13Y09~1\AppData\Local\Temp



---------------  S Y S T E M  ---------------

OS:
 Windows 11 , 64 bit Build 22621 (10.0.22621.5415)
OS uptime: 0 days 0:02 hours

CPU: total 20 (initial active 20) (10 cores per cpu, 2 threads per core) family 6 model 151 stepping 2 microcode 0x23, cx8, cmov, fxsr, ht, mmx, 3dnowpref, sse, sse2, sse3, ssse3, sse4.1, sse4.2, popcnt, lzcnt, tsc, tscinvbit, avx, avx2, aes, erms, clmul, bmi1, bmi2, adx, sha, fma, vzeroupper, clflush, clflushopt, clwb

Memory: 4k page, system-wide physical 16125M (6168M free)
TotalPageFile size 18557M (AvailPageFile size 6507M)
current process WorkingSet (physical memory assigned to process): 143M, peak: 143M
current process commit charge ("private bytes"): 272M, peak: 272M

vm_info: OpenJDK 64-Bit Server VM (17.0.4.1+1) for windows-amd64 JRE (17.0.4.1+1), built on Aug 17 2022 07:42:43 by "temurin" with MS VC++ 16.7 (VS2019)

END.
