#
# A fatal error has been detected by the Java Runtime Environment:
#
#  EXCEPTION_ACCESS_VIOLATION (0xc0000005) at pc=0x00007ffcfbe15a6e, pid=19036, tid=5884
#
# JRE version: OpenJDK Runtime Environment (17.0.9) (build 17.0.9+0--11185874)
# Java VM: OpenJDK 64-Bit Server VM (17.0.9+0--11185874, mixed mode, tiered, compressed oops, compressed class ptrs, g1 gc, windows-amd64)
# Problematic frame:
# V  [jvm.dll+0x595a6e]
#
# No core dump will be written. Minidumps are not enabled by default on client versions of Windows
#
# If you would like to submit a bug report, please visit:
#   https://bugreport.java.com/bugreport/crash.jsp
#

---------------  S U M M A R Y ------------

Command Line: --add-opens=java.base/java.util=ALL-UNNAMED --add-opens=java.base/java.lang=ALL-UNNAMED --add-opens=java.base/java.lang.invoke=ALL-UNNAMED --add-opens=java.base/java.util=ALL-UNNAMED --add-opens=java.prefs/java.util.prefs=ALL-UNNAMED --add-opens=java.prefs/java.util.prefs=ALL-UNNAMED --add-opens=java.base/java.nio.charset=ALL-UNNAMED --add-opens=java.base/java.net=ALL-UNNAMED --add-opens=java.base/java.util.concurrent.atomic=ALL-UNNAMED -Xmx2048m -Dfile.encoding=UTF-8 -Duser.country=US -Duser.language=en -Duser.variant org.gradle.launcher.daemon.bootstrap.GradleDaemon 7.5

Host: 12th Gen Intel(R) Core(TM) i7-12700, 20 cores, 15G,  Windows 11 , 64 bit Build 22621 (10.0.22621.5415)
Time: Sat Feb 14 08:49:37 2026 China Standard Time elapsed time: 7.067020 seconds (0d 0h 0m 7s)

---------------  T H R E A D  ---------------

Current thread (0x0000023eb7f77b50):  JavaThread "C2 CompilerThread2" daemon [_thread_in_native, id=5884, stack(0x0000004aeb400000,0x0000004aeb500000)]


Current CompileTask:
C2:   7067 5384       4       org.objectweb.asm.MethodWriter::visitMethodInsn (191 bytes)

Stack: [0x0000004aeb400000,0x0000004aeb500000],  sp=0x0000004aeb4f9ee0,  free space=999k
Native frames: (J=compiled Java code, j=interpreted, Vv=VM code, C=native code)
V  [jvm.dll+0x595a6e]
V  [jvm.dll+0x591bab]
V  [jvm.dll+0x591954]
V  [jvm.dll+0x590b88]
V  [jvm.dll+0x226762]
V  [jvm.dll+0x226b4f]
V  [jvm.dll+0x21fc76]
V  [jvm.dll+0x21d0c1]
V  [jvm.dll+0x1a674d]
V  [jvm.dll+0x22d088]
V  [jvm.dll+0x22b1c0]
V  [jvm.dll+0x7f62f7]
V  [jvm.dll+0x7f06aa]
V  [jvm.dll+0x687565]
C  [ucrtbase.dll+0x29333]
C  [KERNEL32.DLL+0x1259d]
C  [ntdll.dll+0x5af78]


siginfo: EXCEPTION_ACCESS_VIOLATION (0xc0000005), reading address 0xffffffffffffffff


Registers:
RAX=0x4800007ffcfc22ad, RBX=0x0000023ebc5d4b29, RCX=0x0000023ebc5d4b29, RDX=0x0000023eb2608078
RSP=0x0000004aeb4f9ee0, RBP=0x0000004aeb4f9f69, RSI=0x0000023eb89f75a8, RDI=0x0000023eba6d06e8
R8 =0x000000000000001d, R9 =0xfefeff6f6071735e, R10=0xfefefefefefefeff, R11=0x8080808080808080
R12=0x0000004aeb4fa400, R13=0x0000023eba6d06e8, R14=0x0000023ebc5d37d8, R15=0x0000000000000000
RIP=0x00007ffcfbe15a6e, EFLAGS=0x0000000000010283


Register to memory mapping:

RIP=0x00007ffcfbe15a6e jvm.dll
RAX=0x4800007ffcfc22ad is an unknown value
RBX=0x0000023ebc5d4b29 points into unknown readable memory: ad 22 fc fc 7f 00 00
RCX=0x0000023ebc5d4b29 points into unknown readable memory: ad 22 fc fc 7f 00 00
RDX=0x0000023eb2608078 points into unknown readable memory: 0x00007ffcfc25a608 | 08 a6 25 fc fc 7f 00 00
RSP=0x0000004aeb4f9ee0 is pointing into the stack for thread: 0x0000023eb7f77b50
RBP=0x0000004aeb4f9f69 is pointing into the stack for thread: 0x0000023eb7f77b50
RSI=0x0000023eb89f75a8 points into unknown readable memory: 0x00007ffcfc1a5bc0 | c0 5b 1a fc fc 7f 00 00
RDI=0x0000023eba6d06e8 points into unknown readable memory: 0x00007ffcfc13f768 | 68 f7 13 fc fc 7f 00 00
R8 =0x000000000000001d is an unknown value
R9 =0xfefeff6f6071735e is an unknown value
R10=0xfefefefefefefeff is an unknown value
R11=0x8080808080808080 is an unknown value
R12=0x0000004aeb4fa400 is pointing into the stack for thread: 0x0000023eb7f77b50
R13=0x0000023eba6d06e8 points into unknown readable memory: 0x00007ffcfc13f768 | 68 f7 13 fc fc 7f 00 00
R14=0x0000023ebc5d37d8 points into unknown readable memory: 0x00007ffcfc1ed0b8 | b8 d0 1e fc fc 7f 00 00
R15=0x0 is NULL


Top of Stack: (sp=0x0000004aeb4f9ee0)
0x0000004aeb4f9ee0:   0000023ebc5d9ca8 0000004aeb4f9f69
0x0000004aeb4f9ef0:   0000023eb89f75a8 00007ffcfb92c5e9
0x0000004aeb4f9f00:   0000001d0000000f 0000023e976558b0
0x0000004aeb4f9f10:   0000023ebbb72720 0000004a00000020
0x0000004aeb4f9f20:   0000023ebccf1640 00007ffd00000014
0x0000004aeb4f9f30:   0000000008000000 0000023ebef70050
0x0000004aeb4f9f40:   0000023e08000000 0000023ebbb72720
0x0000004aeb4f9f50:   0000023e00000000 0000023ebad0be88
0x0000004aeb4f9f60:   0000000000000000 0000023eba6d05d0
0x0000004aeb4f9f70:   0000023eb89f79b0 00007ffcfbe1307d
0x0000004aeb4f9f80:   0000023eba6d06e8 0000023ebc5d37d8
0x0000004aeb4f9f90:   0000004aeb4fa400 0000023eba6d06e8
0x0000004aeb4f9fa0:   0000000000000002 0000023eb89f75a8
0x0000004aeb4f9fb0:   0000004aeb4fa0d0 0000023ebc5d37d8
0x0000004aeb4f9fc0:   000000000000001d 00007ffcfbe11bab
0x0000004aeb4f9fd0:   0000004aeb4fa400 0000023ebc5d37d8
0x0000004aeb4f9fe0:   0000023eb89f75a8 0000023eba6d06e8
0x0000004aeb4f9ff0:   0000023ebc5d3880 0000000000000001
0x0000004aeb4fa000:   0000004aeb4fa0f0 000000000000009c
0x0000004aeb4fa010:   0000023ebc5d4b28 00007ffcfbe11954
0x0000004aeb4fa020:   000000000000001d 0000004aeb4fa0d0
0x0000004aeb4fa030:   0000004aeb4fa0b0 0000023ebb51ea10
0x0000004aeb4fa040:   0000000000000000 0000023ebb51ea40
0x0000004aeb4fa050:   0000023eba28a4f8 0000004aeb4fa180
0x0000004aeb4fa060:   0000000000078200 0000023e976558b0
0x0000004aeb4fa070:   0000000000000001 00007ffcfbe10b88
0x0000004aeb4fa080:   0000004aeb4fa400 0000004aeb4fa400
0x0000004aeb4fa090:   0000023e00000002 0000004aeb4fa0f0
0x0000004aeb4fa0a0:   0000004a00000000 0000000000000005
0x0000004aeb4fa0b0:   0000023ebbb72720 0000000000000800
0x0000004aeb4fa0c0:   0000023ebd0d3ae0 0000000000000607
0x0000004aeb4fa0d0:   0000000000000200 0000023ebd2901a0 

Instructions: (pc=0x00007ffcfbe15a6e)
0x00007ffcfbe1596e:   20 e8 ec 70 b1 ff eb 04 48 89 4b 18 44 8b 45 af
0x00007ffcfbe1597e:   33 d2 49 c1 e0 03 48 8b c8 48 89 45 b7 e8 92 90
0x00007ffcfbe1598e:   30 00 33 db 48 8d 4d c7 48 89 5d f7 89 5d bf e8
0x00007ffcfbe1599e:   1e 4d 29 00 49 8b 46 08 89 5d e7 48 8b 40 08 48
0x00007ffcfbe159ae:   89 45 07 48 8b 78 10 8b 40 20 4c 8d 3c c7 49 3b
0x00007ffcfbe159be:   ff 73 74 4c 8b 37 41 8b 76 28 8b de c1 eb 05 3b
0x00007ffcfbe159ce:   5d c7 72 0b 8b d3 48 8d 4d c7 e8 43 4d 29 00 48
0x00007ffcfbe159de:   8b 45 cf 83 e6 1f 48 8d 14 98 40 0f b6 ce 41 b8
0x00007ffcfbe159ee:   01 00 00 00 41 d3 e0 8b 0a 8b c1 41 0b c0 89 02
0x00007ffcfbe159fe:   41 85 c8 75 21 8b 5d bf 8d 43 01 89 45 bf 3b 5d
0x00007ffcfbe15a0e:   af 72 0b 8b d3 48 8d 4d a7 e8 f4 ff 0c 00 48 8b
0x00007ffcfbe15a1e:   45 b7 4c 89 34 d8 48 83 c7 08 49 3b ff 72 94 48
0x00007ffcfbe15a2e:   8b 75 77 4c 8b 75 6f 45 33 ff 41 8b c7 89 45 97
0x00007ffcfbe15a3e:   39 45 bf 0f 86 01 01 00 00 4c 3b ee 0f 84 27 02
0x00007ffcfbe15a4e:   00 00 8b c8 48 8b 45 b7 48 8b 1c c8 8b 43 2c 83
0x00007ffcfbe15a5e:   e0 3f 3c 30 0f 84 cb 00 00 00 48 8b 03 48 8b cb
0x00007ffcfbe15a6e:   ff 10 3d 15 01 00 00 0f 84 b8 00 00 00 8b 43 2c
0x00007ffcfbe15a7e:   83 e0 1f 3c 1f 75 10 48 8b cb e8 b3 9c c1 ff 85
0x00007ffcfbe15a8e:   c0 0f 85 9e 00 00 00 8b 4b 2c 8b c1 83 e0 0f 3c
0x00007ffcfbe15a9e:   0c 0f 84 8e 00 00 00 80 f9 80 0f 85 f4 01 00 00
0x00007ffcfbe15aae:   48 8b 7b 10 8b 43 20 4c 8d 3c c7 49 3b ff 73 72
0x00007ffcfbe15abe:   66 90 4c 8b 37 41 8b 76 28 8b de c1 eb 05 3b 5d
0x00007ffcfbe15ace:   c7 72 0b 8b d3 48 8d 4d c7 e8 44 4c 29 00 48 8b
0x00007ffcfbe15ade:   45 cf 83 e6 1f 48 8d 14 98 40 0f b6 ce 41 b8 01
0x00007ffcfbe15aee:   00 00 00 41 d3 e0 8b 0a 8b c1 41 0b c0 89 02 41
0x00007ffcfbe15afe:   85 c8 75 21 8b 5d bf 8d 43 01 89 45 bf 3b 5d af
0x00007ffcfbe15b0e:   72 0b 8b d3 48 8d 4d a7 e8 f5 fe 0c 00 48 8b 45
0x00007ffcfbe15b1e:   b7 4c 89 34 d8 48 83 c7 08 49 3b ff 72 94 48 8b
0x00007ffcfbe15b2e:   75 77 45 33 ff 8b 45 97 4c 8b 75 6f ff c0 89 45
0x00007ffcfbe15b3e:   97 3b 45 bf 0f 82 ff fe ff ff 4c 3b ee 0f 84 26
0x00007ffcfbe15b4e:   01 00 00 83 7d bf 00 0f 86 1c 01 00 00 0f 1f 44
0x00007ffcfbe15b5e:   00 00 48 8b 45 b7 41 8b cf 48 8b 34 c8 8b 46 2c 


Stack slot to memory mapping:
stack at sp + 0 slots: 0x0000023ebc5d9ca8 points into unknown readable memory: 0x00007ffcfc22a560 | 60 a5 22 fc fc 7f 00 00
stack at sp + 1 slots: 0x0000004aeb4f9f69 is pointing into the stack for thread: 0x0000023eb7f77b50
stack at sp + 2 slots: 0x0000023eb89f75a8 points into unknown readable memory: 0x00007ffcfc1a5bc0 | c0 5b 1a fc fc 7f 00 00
stack at sp + 3 slots: 0x00007ffcfb92c5e9 jvm.dll
stack at sp + 4 slots: 0x0000001d0000000f is an unknown value
stack at sp + 5 slots: 0x0000023e976558b0 points into unknown readable memory: 0x00007ffcfc1e07b0 | b0 07 1e fc fc 7f 00 00
stack at sp + 6 slots: 0x0000023ebbb72720 points into unknown readable memory: 0x0000023e00000006 | 06 00 00 00 3e 02 00 00
stack at sp + 7 slots: 0x0000004a00000020 is an unknown value


---------------  P R O C E S S  ---------------

Threads class SMR info:
_java_thread_list=0x0000023eb94300f0, length=63, elements={
0x0000023e9763e650, 0x0000023eb2570a40, 0x0000023eb2573ee0, 0x0000023eb1f641e0,
0x0000023eb25a8580, 0x0000023eb25a9160, 0x0000023eb25ac140, 0x0000023eb25ada50,
0x0000023eb25b13b0, 0x0000023eb25c5da0, 0x0000023eb2751340, 0x0000023eb2768400,
0x0000023eb8b17850, 0x0000023eb874d9a0, 0x0000023eb8f6f4e0, 0x0000023eb7fb2430,
0x0000023eb7fb2d20, 0x0000023eb94c1020, 0x0000023eb7cab9c0, 0x0000023eb7cad310,
0x0000023eb7cace00, 0x0000023eb7caa580, 0x0000023eb7caafa0, 0x0000023eb7cab4b0,
0x0000023eb7cac3e0, 0x0000023eb93453f0, 0x0000023eb9344ee0, 0x0000023eb934be40,
0x0000023eb934aa00, 0x0000023eb934a4f0, 0x0000023eb9348690, 0x0000023eb9349fe0,
0x0000023eb934af10, 0x0000023eb93449d0, 0x0000023eb934b420, 0x0000023eb9348ba0,
0x0000023eb934b930, 0x0000023eb934c350, 0x0000023eb9346830, 0x0000023eb9346d40,
0x0000023eb9349ad0, 0x0000023eb9348180, 0x0000023eb9347250, 0x0000023eb9345900,
0x0000023eb9345e10, 0x0000023eb9347760, 0x0000023eb93490b0, 0x0000023ebc296630,
0x0000023eb9346320, 0x0000023eb93495c0, 0x0000023eb9347c70, 0x0000023eb98f79b0,
0x0000023eb98fb160, 0x0000023eb98f7ec0, 0x0000023ebc16bc50, 0x0000023eb7f77b50,
0x0000023ebc429080, 0x0000023eb7868870, 0x0000023eba1f5ca0, 0x0000023eb27e6810,
0x0000023eb27e87f0, 0x0000023eb27e6d60, 0x0000023eb27e7800
}

Java Threads: ( => current thread )
  0x0000023e9763e650 JavaThread "main" [_thread_blocked, id=2128, stack(0x0000004ae6500000,0x0000004ae6600000)]
  0x0000023eb2570a40 JavaThread "Reference Handler" daemon [_thread_blocked, id=19068, stack(0x0000004ae6c00000,0x0000004ae6d00000)]
  0x0000023eb2573ee0 JavaThread "Finalizer" daemon [_thread_blocked, id=19080, stack(0x0000004ae6d00000,0x0000004ae6e00000)]
  0x0000023eb1f641e0 JavaThread "Signal Dispatcher" daemon [_thread_blocked, id=19064, stack(0x0000004ae6e00000,0x0000004ae6f00000)]
  0x0000023eb25a8580 JavaThread "Attach Listener" daemon [_thread_blocked, id=19048, stack(0x0000004ae6f00000,0x0000004ae7000000)]
  0x0000023eb25a9160 JavaThread "Service Thread" daemon [_thread_blocked, id=19160, stack(0x0000004ae7000000,0x0000004ae7100000)]
  0x0000023eb25ac140 JavaThread "Monitor Deflation Thread" daemon [_thread_blocked, id=19164, stack(0x0000004ae7100000,0x0000004ae7200000)]
  0x0000023eb25ada50 JavaThread "C2 CompilerThread0" daemon [_thread_in_native, id=19156, stack(0x0000004ae7200000,0x0000004ae7300000)]
  0x0000023eb25b13b0 JavaThread "C1 CompilerThread0" daemon [_thread_blocked, id=9924, stack(0x0000004ae7300000,0x0000004ae7400000)]
  0x0000023eb25c5da0 JavaThread "Sweeper thread" daemon [_thread_blocked, id=19240, stack(0x0000004ae7400000,0x0000004ae7500000)]
  0x0000023eb2751340 JavaThread "Common-Cleaner" daemon [_thread_blocked, id=19228, stack(0x0000004ae7700000,0x0000004ae7800000)]
  0x0000023eb2768400 JavaThread "Notification Thread" daemon [_thread_blocked, id=19224, stack(0x0000004ae7800000,0x0000004ae7900000)]
  0x0000023eb8b17850 JavaThread "Daemon health stats" [_thread_blocked, id=1060, stack(0x0000004ae8300000,0x0000004ae8400000)]
  0x0000023eb874d9a0 JavaThread "Incoming local TCP Connector on port 51022" [_thread_in_native, id=1808, stack(0x0000004ae8400000,0x0000004ae8500000)]
  0x0000023eb8f6f4e0 JavaThread "Daemon periodic checks" [_thread_blocked, id=1068, stack(0x0000004ae8500000,0x0000004ae8600000)]
  0x0000023eb7fb2430 JavaThread "Daemon" [_thread_blocked, id=11904, stack(0x0000004ae8600000,0x0000004ae8700000)]
  0x0000023eb7fb2d20 JavaThread "Handler for socket connection from /127.0.0.1:51022 to /127.0.0.1:51024" [_thread_in_native, id=8560, stack(0x0000004ae8700000,0x0000004ae8800000)]
  0x0000023eb94c1020 JavaThread "Cancel handler" [_thread_blocked, id=18136, stack(0x0000004ae8800000,0x0000004ae8900000)]
  0x0000023eb7cab9c0 JavaThread "Daemon worker" [_thread_blocked, id=14548, stack(0x0000004ae8900000,0x0000004ae8a00000)]
  0x0000023eb7cad310 JavaThread "Asynchronous log dispatcher for DefaultDaemonConnection: socket connection from /127.0.0.1:51022 to /127.0.0.1:51024" [_thread_blocked, id=17884, stack(0x0000004ae8a00000,0x0000004ae8b00000)]
  0x0000023eb7cace00 JavaThread "Stdin handler" [_thread_blocked, id=12676, stack(0x0000004ae8b00000,0x0000004ae8c00000)]
  0x0000023eb7caa580 JavaThread "Daemon client event forwarder" [_thread_blocked, id=12724, stack(0x0000004ae8c00000,0x0000004ae8d00000)]
  0x0000023eb7caafa0 JavaThread "Cache worker for journal cache (C:\Users\L13Y09W32\.gradle\caches\journal-1)" [_thread_blocked, id=6700, stack(0x0000004ae8d00000,0x0000004ae8e00000)]
  0x0000023eb7cab4b0 JavaThread "File lock request listener" [_thread_in_native, id=11608, stack(0x0000004ae8e00000,0x0000004ae8f00000)]
  0x0000023eb7cac3e0 JavaThread "Cache worker for file hash cache (C:\Users\L13Y09W32\.gradle\caches\7.5\fileHashes)" [_thread_blocked, id=11768, stack(0x0000004ae9b00000,0x0000004ae9c00000)]
  0x0000023eb93453f0 JavaThread "File watcher server" daemon [_thread_in_native, id=19284, stack(0x0000004ae9c00000,0x0000004ae9d00000)]
  0x0000023eb9344ee0 JavaThread "File watcher consumer" daemon [_thread_blocked, id=10836, stack(0x0000004ae9d00000,0x0000004ae9e00000)]
  0x0000023eb934be40 JavaThread "jar transforms" [_thread_in_Java, id=6488, stack(0x0000004ae7500000,0x0000004ae7600000)]
  0x0000023eb934aa00 JavaThread "jar transforms Thread 2" [_thread_blocked, id=6112, stack(0x0000004ae7600000,0x0000004ae7700000)]
  0x0000023eb934a4f0 JavaThread "jar transforms Thread 3" [_thread_blocked, id=6116, stack(0x0000004ae7a00000,0x0000004ae7b00000)]
  0x0000023eb9348690 JavaThread "jar transforms Thread 4" [_thread_blocked, id=6180, stack(0x0000004ae7b00000,0x0000004ae7c00000)]
  0x0000023eb9349fe0 JavaThread "jar transforms Thread 5" [_thread_blocked, id=6128, stack(0x0000004ae7c00000,0x0000004ae7d00000)]
  0x0000023eb934af10 JavaThread "jar transforms Thread 6" [_thread_blocked, id=6132, stack(0x0000004ae8200000,0x0000004ae8300000)]
  0x0000023eb93449d0 JavaThread "jar transforms Thread 7" [_thread_blocked, id=6140, stack(0x0000004ae9e00000,0x0000004ae9f00000)]
  0x0000023eb934b420 JavaThread "jar transforms Thread 8" [_thread_blocked, id=6136, stack(0x0000004ae9f00000,0x0000004aea000000)]
  0x0000023eb9348ba0 JavaThread "jar transforms Thread 9" [_thread_blocked, id=5988, stack(0x0000004aea000000,0x0000004aea100000)]
  0x0000023eb934b930 JavaThread "jar transforms Thread 10" [_thread_blocked, id=6476, stack(0x0000004aea100000,0x0000004aea200000)]
  0x0000023eb934c350 JavaThread "jar transforms Thread 11" [_thread_blocked, id=6184, stack(0x0000004aea200000,0x0000004aea300000)]
  0x0000023eb9346830 JavaThread "jar transforms Thread 12" [_thread_blocked, id=6316, stack(0x0000004aea300000,0x0000004aea400000)]
  0x0000023eb9346d40 JavaThread "jar transforms Thread 13" [_thread_blocked, id=6324, stack(0x0000004aea400000,0x0000004aea500000)]
  0x0000023eb9349ad0 JavaThread "jar transforms Thread 14" [_thread_blocked, id=2548, stack(0x0000004aea500000,0x0000004aea600000)]
  0x0000023eb9348180 JavaThread "jar transforms Thread 15" [_thread_blocked, id=6340, stack(0x0000004aea600000,0x0000004aea700000)]
  0x0000023eb9347250 JavaThread "jar transforms Thread 16" [_thread_blocked, id=6352, stack(0x0000004aea700000,0x0000004aea800000)]
  0x0000023eb9345900 JavaThread "jar transforms Thread 17" [_thread_blocked, id=6336, stack(0x0000004aea800000,0x0000004aea900000)]
  0x0000023eb9345e10 JavaThread "jar transforms Thread 18" [_thread_blocked, id=6332, stack(0x0000004aea900000,0x0000004aeaa00000)]
  0x0000023eb9347760 JavaThread "jar transforms Thread 19" [_thread_blocked, id=6344, stack(0x0000004aeaa00000,0x0000004aeab00000)]
  0x0000023eb93490b0 JavaThread "jar transforms Thread 20" [_thread_blocked, id=6348, stack(0x0000004aeab00000,0x0000004aeac00000)]
  0x0000023ebc296630 JavaThread "C1 CompilerThread1" daemon [_thread_blocked, id=19256, stack(0x0000004aeac00000,0x0000004aead00000)]
  0x0000023eb9346320 JavaThread "Cache worker for checksums cache (C:\Users\L13Y09W32\IT342_G1_Rentuma_Lab1\mobile\.gradle\7.5\checksums)" [_thread_blocked, id=4768, stack(0x0000004aeaf00000,0x0000004aeb000000)]
  0x0000023eb93495c0 JavaThread "Cache worker for cache directory md-rule (C:\Users\L13Y09W32\.gradle\caches\7.5\md-rule)" [_thread_blocked, id=18192, stack(0x0000004aeb000000,0x0000004aeb100000)]
  0x0000023eb9347c70 JavaThread "Cache worker for file content cache (C:\Users\L13Y09W32\.gradle\caches\7.5\fileContent)" [_thread_blocked, id=9588, stack(0x0000004aeb100000,0x0000004aeb200000)]
  0x0000023eb98f79b0 JavaThread "Cache worker for file hash cache (C:\Users\L13Y09W32\IT342_G1_Rentuma_Lab1\mobile\.gradle\7.5\fileHashes)" [_thread_blocked, id=13364, stack(0x0000004aeb200000,0x0000004aeb300000)]
  0x0000023eb98fb160 JavaThread "Cache worker for cache directory md-supplier (C:\Users\L13Y09W32\.gradle\caches\7.5\md-supplier)" [_thread_blocked, id=18248, stack(0x0000004aeb300000,0x0000004aeb400000)]
  0x0000023eb98f7ec0 JavaThread "Cache worker for execution history cache (C:\Users\L13Y09W32\.gradle\caches\7.5\executionHistory)" [_thread_blocked, id=18292, stack(0x0000004aead00000,0x0000004aeae00000)]
  0x0000023ebc16bc50 JavaThread "C2 CompilerThread1" daemon [_thread_in_native, id=5764, stack(0x0000004aeae00000,0x0000004aeaf00000)]
=>0x0000023eb7f77b50 JavaThread "C2 CompilerThread2" daemon [_thread_in_native, id=5884, stack(0x0000004aeb400000,0x0000004aeb500000)]
  0x0000023ebc429080 JavaThread "C1 CompilerThread2" daemon [_thread_blocked, id=9836, stack(0x0000004aeb500000,0x0000004aeb600000)]
  0x0000023eb7868870 JavaThread "C1 CompilerThread3" daemon [_thread_blocked, id=6564, stack(0x0000004aeb600000,0x0000004aeb700000)]
  0x0000023eba1f5ca0 JavaThread "C2 CompilerThread3" daemon [_thread_in_native, id=10136, stack(0x0000004aeb700000,0x0000004aeb800000)]
  0x0000023eb27e6810 JavaThread "C2 CompilerThread4" daemon [_thread_in_native, id=3500, stack(0x0000004aeb800000,0x0000004aeb900000)]
  0x0000023eb27e87f0 JavaThread "C2 CompilerThread5" daemon [_thread_in_native, id=5520, stack(0x0000004aeb900000,0x0000004aeba00000)]
  0x0000023eb27e6d60 JavaThread "C2 CompilerThread6" daemon [_thread_in_native, id=5760, stack(0x0000004aeba00000,0x0000004aebb00000)]
  0x0000023eb27e7800 JavaThread "C2 CompilerThread7" daemon [_thread_in_native, id=5072, stack(0x0000004aebb00000,0x0000004aebc00000)]

Other Threads:
  0x0000023eb1f62ca0 VMThread "VM Thread" [stack: 0x0000004ae6b00000,0x0000004ae6c00000] [id=19072]
  0x0000023eb2755ca0 WatcherThread [stack: 0x0000004ae7900000,0x0000004ae7a00000] [id=19220]
  0x0000023e9769abe0 GCTaskThread "GC Thread#0" [stack: 0x0000004ae6600000,0x0000004ae6700000] [id=19092]
  0x0000023eb7bd8040 GCTaskThread "GC Thread#1" [stack: 0x0000004ae7d00000,0x0000004ae7e00000] [id=4880]
  0x0000023eb7bd8300 GCTaskThread "GC Thread#2" [stack: 0x0000004ae7e00000,0x0000004ae7f00000] [id=4876]
  0x0000023eb7bd8880 GCTaskThread "GC Thread#3" [stack: 0x0000004ae7f00000,0x0000004ae8000000] [id=16672]
  0x0000023eb7bd9380 GCTaskThread "GC Thread#4" [stack: 0x0000004ae8000000,0x0000004ae8100000] [id=16676]
  0x0000023eb7bd8b40 GCTaskThread "GC Thread#5" [stack: 0x0000004ae8100000,0x0000004ae8200000] [id=19252]
  0x0000023eb7bd9bc0 GCTaskThread "GC Thread#6" [stack: 0x0000004ae8f00000,0x0000004ae9000000] [id=4720]
  0x0000023eb7bd90c0 GCTaskThread "GC Thread#7" [stack: 0x0000004ae9000000,0x0000004ae9100000] [id=19280]
  0x0000023eb7bd85c0 GCTaskThread "GC Thread#8" [stack: 0x0000004ae9100000,0x0000004ae9200000] [id=11072]
  0x0000023eb971e480 GCTaskThread "GC Thread#9" [stack: 0x0000004ae9200000,0x0000004ae9300000] [id=18484]
  0x0000023eb971ecc0 GCTaskThread "GC Thread#10" [stack: 0x0000004ae9300000,0x0000004ae9400000] [id=17612]
  0x0000023eb971c380 GCTaskThread "GC Thread#11" [stack: 0x0000004ae9400000,0x0000004ae9500000] [id=7452]
  0x0000023eb971e740 GCTaskThread "GC Thread#12" [stack: 0x0000004ae9500000,0x0000004ae9600000] [id=17892]
  0x0000023eb971ea00 GCTaskThread "GC Thread#13" [stack: 0x0000004ae9600000,0x0000004ae9700000] [id=5320]
  0x0000023eb971c640 GCTaskThread "GC Thread#14" [stack: 0x0000004ae9700000,0x0000004ae9800000] [id=5408]
  0x0000023e976abb30 ConcurrentGCThread "G1 Main Marker" [stack: 0x0000004ae6700000,0x0000004ae6800000] [id=19088]
  0x0000023e976acb60 ConcurrentGCThread "G1 Conc#0" [stack: 0x0000004ae6800000,0x0000004ae6900000] [id=19084]
  0x0000023eb971c900 ConcurrentGCThread "G1 Conc#1" [stack: 0x0000004ae9800000,0x0000004ae9900000] [id=18084]
  0x0000023eb971b300 ConcurrentGCThread "G1 Conc#2" [stack: 0x0000004ae9900000,0x0000004ae9a00000] [id=12828]
  0x0000023eb971d6c0 ConcurrentGCThread "G1 Conc#3" [stack: 0x0000004ae9a00000,0x0000004ae9b00000] [id=12476]
  0x0000023e976ee610 ConcurrentGCThread "G1 Refine#0" [stack: 0x0000004ae6900000,0x0000004ae6a00000] [id=19104]
  0x0000023eb1e58280 ConcurrentGCThread "G1 Service" [stack: 0x0000004ae6a00000,0x0000004ae6b00000] [id=19076]

Threads with active compile tasks:
C2 CompilerThread0     7108 5646       4       com.google.common.collect.AbstractIterator::hasNext (65 bytes)
C2 CompilerThread1     7108 5376       4       org.objectweb.asm.SymbolTable::addConstantMemberReference (147 bytes)
C2 CompilerThread2     7108 5384       4       org.objectweb.asm.MethodWriter::visitMethodInsn (191 bytes)
C2 CompilerThread3     7108 5428       4       org.gradle.internal.classpath.InstrumentingBackwardsCompatibilityVisitor$BackwardCompatibilityMethodVisitor::visitMethodInsn (26 bytes)
C2 CompilerThread4     7108 5590       4       org.objectweb.asm.MethodVisitor::visitLocalVariable (24 bytes)
C2 CompilerThread5     7108 5374       4       org.objectweb.asm.MethodVisitor::visitMethodInsn (80 bytes)
C2 CompilerThread6     7108 5371       4       org.objectweb.asm.ClassReader::readCode (5109 bytes)
C2 CompilerThread7     7108 5429       4       org.gradle.internal.classpath.InstrumentingTransformer$InstrumentingMethodVisitor::visitMethodInsn (69 bytes)

VM state: not at safepoint (normal execution)

VM Mutex/Monitor currently owned by a thread: None

Heap address: 0x0000000080000000, size: 2048 MB, Compressed Oops mode: 32-bit

CDS archive(s) not mapped
Compressed class space mapped at: 0x0000000100000000-0x0000000140000000, reserved size: 1073741824
Narrow klass base: 0x0000000000000000, Narrow klass shift: 3, Narrow klass range: 0x140000000

GC Precious Log:
 CPUs: 20 total, 20 available
 Memory: 16125M
 Large Page Support: Disabled
 NUMA Support: Disabled
 Compressed Oops: Enabled (32-bit)
 Heap Region Size: 1M
 Heap Min Capacity: 8M
 Heap Initial Capacity: 252M
 Heap Max Capacity: 2G
 Pre-touch: Disabled
 Parallel Workers: 15
 Concurrent Workers: 4
 Concurrent Refinement Workers: 15
 Periodic GC: Disabled

Heap:
 garbage-first heap   total 113664K, used 61340K [0x0000000080000000, 0x0000000100000000)
  region size 1024K, 13 young (13312K), 4 survivors (4096K)
 Metaspace       used 51455K, committed 51904K, reserved 1114112K
  class space    used 6802K, committed 7040K, reserved 1048576K

Heap Regions: E=young(eden), S=young(survivor), O=old, HS=humongous(starts), HC=humongous(continues), CS=collection set, F=free, OA=open archive, CA=closed archive, TAMS=top-at-mark-start (previous, next)
|   0|0x0000000080000000, 0x0000000080100000, 0x0000000080100000|100%| O|  |TAMS 0x0000000080100000, 0x0000000080000000| Untracked 
|   1|0x0000000080100000, 0x0000000080200000, 0x0000000080200000|100%| O|  |TAMS 0x0000000080200000, 0x0000000080100000| Untracked 
|   2|0x0000000080200000, 0x00000000802db200, 0x0000000080300000| 85%| O|  |TAMS 0x00000000802db200, 0x0000000080200000| Untracked 
|   3|0x0000000080300000, 0x0000000080400000, 0x0000000080400000|100%|HS|  |TAMS 0x0000000080400000, 0x0000000080300000| Complete 
|   4|0x0000000080400000, 0x0000000080500000, 0x0000000080500000|100%|HC|  |TAMS 0x0000000080500000, 0x0000000080400000| Complete 
|   5|0x0000000080500000, 0x0000000080600000, 0x0000000080600000|100%|HC|  |TAMS 0x0000000080600000, 0x0000000080500000| Complete 
|   6|0x0000000080600000, 0x0000000080700000, 0x0000000080700000|100%| O|  |TAMS 0x0000000080700000, 0x0000000080600000| Untracked 
|   7|0x0000000080700000, 0x0000000080800000, 0x0000000080800000|100%| O|  |TAMS 0x0000000080800000, 0x0000000080700000| Untracked 
|   8|0x0000000080800000, 0x0000000080900000, 0x0000000080900000|100%| O|  |TAMS 0x0000000080900000, 0x0000000080800000| Untracked 
|   9|0x0000000080900000, 0x0000000080a00000, 0x0000000080a00000|100%| O|  |TAMS 0x0000000080a00000, 0x0000000080900000| Untracked 
|  10|0x0000000080a00000, 0x0000000080b00000, 0x0000000080b00000|100%| O|  |TAMS 0x0000000080b00000, 0x0000000080a00000| Untracked 
|  11|0x0000000080b00000, 0x0000000080c00000, 0x0000000080c00000|100%| O|  |TAMS 0x0000000080c00000, 0x0000000080b00000| Untracked 
|  12|0x0000000080c00000, 0x0000000080d00000, 0x0000000080d00000|100%| O|  |TAMS 0x0000000080d00000, 0x0000000080c00000| Untracked 
|  13|0x0000000080d00000, 0x0000000080e00000, 0x0000000080e00000|100%| O|  |TAMS 0x0000000080e00000, 0x0000000080d00000| Untracked 
|  14|0x0000000080e00000, 0x0000000080f00000, 0x0000000080f00000|100%| O|  |TAMS 0x0000000080f00000, 0x0000000080e00000| Untracked 
|  15|0x0000000080f00000, 0x0000000081000000, 0x0000000081000000|100%| O|  |TAMS 0x0000000081000000, 0x0000000080f00000| Untracked 
|  16|0x0000000081000000, 0x0000000081100000, 0x0000000081100000|100%| O|  |TAMS 0x0000000081100000, 0x0000000081000000| Untracked 
|  17|0x0000000081100000, 0x0000000081200000, 0x0000000081200000|100%|HS|  |TAMS 0x0000000081200000, 0x0000000081100000| Complete 
|  18|0x0000000081200000, 0x0000000081300000, 0x0000000081300000|100%|HC|  |TAMS 0x0000000081300000, 0x0000000081200000| Complete 
|  19|0x0000000081300000, 0x0000000081400000, 0x0000000081400000|100%|HS|  |TAMS 0x0000000081400000, 0x0000000081300000| Complete 
|  20|0x0000000081400000, 0x0000000081500000, 0x0000000081500000|100%|HC|  |TAMS 0x0000000081500000, 0x0000000081400000| Complete 
|  21|0x0000000081500000, 0x0000000081600000, 0x0000000081600000|100%|HC|  |TAMS 0x0000000081600000, 0x0000000081500000| Complete 
|  22|0x0000000081600000, 0x0000000081700000, 0x0000000081700000|100%| O|  |TAMS 0x0000000081700000, 0x0000000081600000| Untracked 
|  23|0x0000000081700000, 0x0000000081800000, 0x0000000081800000|100%| O|  |TAMS 0x0000000081800000, 0x0000000081700000| Untracked 
|  24|0x0000000081800000, 0x0000000081900000, 0x0000000081900000|100%| O|  |TAMS 0x0000000081900000, 0x0000000081800000| Untracked 
|  25|0x0000000081900000, 0x0000000081a00000, 0x0000000081a00000|100%| O|  |TAMS 0x0000000081a00000, 0x0000000081900000| Untracked 
|  26|0x0000000081a00000, 0x0000000081b00000, 0x0000000081b00000|100%|HS|  |TAMS 0x0000000081b00000, 0x0000000081a00000| Complete 
|  27|0x0000000081b00000, 0x0000000081c00000, 0x0000000081c00000|100%|HC|  |TAMS 0x0000000081c00000, 0x0000000081b00000| Complete 
|  28|0x0000000081c00000, 0x0000000081d00000, 0x0000000081d00000|100%|HC|  |TAMS 0x0000000081d00000, 0x0000000081c00000| Complete 
|  29|0x0000000081d00000, 0x0000000081e00000, 0x0000000081e00000|100%|HS|  |TAMS 0x0000000081e00000, 0x0000000081d00000| Complete 
|  30|0x0000000081e00000, 0x0000000081f00000, 0x0000000081f00000|100%|HC|  |TAMS 0x0000000081f00000, 0x0000000081e00000| Complete 
|  31|0x0000000081f00000, 0x0000000082000000, 0x0000000082000000|100%|HC|  |TAMS 0x0000000082000000, 0x0000000081f00000| Complete 
|  32|0x0000000082000000, 0x0000000082100000, 0x0000000082100000|100%| O|  |TAMS 0x0000000082100000, 0x0000000082000000| Untracked 
|  33|0x0000000082100000, 0x0000000082200000, 0x0000000082200000|100%| O|  |TAMS 0x0000000082200000, 0x0000000082100000| Untracked 
|  34|0x0000000082200000, 0x0000000082300000, 0x0000000082300000|100%| O|  |TAMS 0x0000000082300000, 0x0000000082200000| Untracked 
|  35|0x0000000082300000, 0x0000000082400000, 0x0000000082400000|100%| O|  |TAMS 0x0000000082400000, 0x0000000082300000| Untracked 
|  36|0x0000000082400000, 0x0000000082500000, 0x0000000082500000|100%| O|  |TAMS 0x0000000082500000, 0x0000000082400000| Untracked 
|  37|0x0000000082500000, 0x0000000082600000, 0x0000000082600000|100%| O|  |TAMS 0x0000000082600000, 0x0000000082500000| Untracked 
|  38|0x0000000082600000, 0x0000000082700000, 0x0000000082700000|100%| O|  |TAMS 0x0000000082700000, 0x0000000082600000| Untracked 
|  39|0x0000000082700000, 0x0000000082800000, 0x0000000082800000|100%| O|  |TAMS 0x0000000082800000, 0x0000000082700000| Untracked 
|  40|0x0000000082800000, 0x0000000082900000, 0x0000000082900000|100%| O|  |TAMS 0x0000000082900000, 0x0000000082800000| Untracked 
|  41|0x0000000082900000, 0x0000000082a00000, 0x0000000082a00000|100%| O|  |TAMS 0x0000000082a00000, 0x0000000082900000| Untracked 
|  42|0x0000000082a00000, 0x0000000082b00000, 0x0000000082b00000|100%| O|  |TAMS 0x0000000082b00000, 0x0000000082a00000| Untracked 
|  43|0x0000000082b00000, 0x0000000082b00000, 0x0000000082c00000|  0%| F|  |TAMS 0x0000000082b00000, 0x0000000082b00000| Untracked 
|  44|0x0000000082c00000, 0x0000000082c00000, 0x0000000082d00000|  0%| F|  |TAMS 0x0000000082c00000, 0x0000000082c00000| Untracked 
|  45|0x0000000082d00000, 0x0000000082dd6000, 0x0000000082e00000| 83%| O|  |TAMS 0x0000000082d00000, 0x0000000082d00000| Untracked 
|  46|0x0000000082e00000, 0x0000000082f00000, 0x0000000082f00000|100%| O|  |TAMS 0x0000000082f00000, 0x0000000082e00000| Untracked 
|  47|0x0000000082f00000, 0x0000000083000000, 0x0000000083000000|100%| O|  |TAMS 0x0000000083000000, 0x0000000082f00000| Untracked 
|  48|0x0000000083000000, 0x0000000083100000, 0x0000000083100000|100%|HS|  |TAMS 0x0000000083100000, 0x0000000083000000| Complete 
|  49|0x0000000083100000, 0x0000000083200000, 0x0000000083200000|100%|HC|  |TAMS 0x0000000083200000, 0x0000000083100000| Complete 
|  50|0x0000000083200000, 0x0000000083300000, 0x0000000083300000|100%|HC|  |TAMS 0x0000000083300000, 0x0000000083200000| Complete 
|  51|0x0000000083300000, 0x0000000083400000, 0x0000000083400000|100%| O|  |TAMS 0x000000008331d800, 0x0000000083300000| Untracked 
|  52|0x0000000083400000, 0x0000000083400000, 0x0000000083500000|  0%| F|  |TAMS 0x0000000083400000, 0x0000000083400000| Untracked 
|  53|0x0000000083500000, 0x0000000083500000, 0x0000000083600000|  0%| F|  |TAMS 0x0000000083500000, 0x0000000083500000| Untracked 
|  54|0x0000000083600000, 0x0000000083600000, 0x0000000083700000|  0%| F|  |TAMS 0x0000000083600000, 0x0000000083600000| Untracked 
|  55|0x0000000083700000, 0x0000000083700000, 0x0000000083800000|  0%| F|  |TAMS 0x0000000083700000, 0x0000000083700000| Untracked 
|  56|0x0000000083800000, 0x0000000083800000, 0x0000000083900000|  0%| F|  |TAMS 0x0000000083800000, 0x0000000083800000| Untracked 
|  57|0x0000000083900000, 0x0000000083900000, 0x0000000083a00000|  0%| F|  |TAMS 0x0000000083900000, 0x0000000083900000| Untracked 
|  58|0x0000000083a00000, 0x0000000083a00000, 0x0000000083b00000|  0%| F|  |TAMS 0x0000000083a00000, 0x0000000083a00000| Untracked 
|  59|0x0000000083b00000, 0x0000000083b00000, 0x0000000083c00000|  0%| F|  |TAMS 0x0000000083b00000, 0x0000000083b00000| Untracked 
|  60|0x0000000083c00000, 0x0000000083c00000, 0x0000000083d00000|  0%| F|  |TAMS 0x0000000083c00000, 0x0000000083c00000| Untracked 
|  61|0x0000000083d00000, 0x0000000083d00000, 0x0000000083e00000|  0%| F|  |TAMS 0x0000000083d00000, 0x0000000083d00000| Untracked 
|  62|0x0000000083e00000, 0x0000000083e00000, 0x0000000083f00000|  0%| F|  |TAMS 0x0000000083e00000, 0x0000000083e00000| Untracked 
|  63|0x0000000083f00000, 0x0000000083f00000, 0x0000000084000000|  0%| F|  |TAMS 0x0000000083f00000, 0x0000000083f00000| Untracked 
|  64|0x0000000084000000, 0x0000000084000000, 0x0000000084100000|  0%| F|  |TAMS 0x0000000084000000, 0x0000000084000000| Untracked 
|  65|0x0000000084100000, 0x0000000084100000, 0x0000000084200000|  0%| F|  |TAMS 0x0000000084100000, 0x0000000084100000| Untracked 
|  66|0x0000000084200000, 0x0000000084200000, 0x0000000084300000|  0%| F|  |TAMS 0x0000000084200000, 0x0000000084200000| Untracked 
|  67|0x0000000084300000, 0x0000000084300000, 0x0000000084400000|  0%| F|  |TAMS 0x0000000084300000, 0x0000000084300000| Untracked 
|  68|0x0000000084400000, 0x0000000084400000, 0x0000000084500000|  0%| F|  |TAMS 0x0000000084400000, 0x0000000084400000| Untracked 
|  69|0x0000000084500000, 0x0000000084500000, 0x0000000084600000|  0%| F|  |TAMS 0x0000000084500000, 0x0000000084500000| Untracked 
|  70|0x0000000084600000, 0x0000000084600000, 0x0000000084700000|  0%| F|  |TAMS 0x0000000084600000, 0x0000000084600000| Untracked 
|  71|0x0000000084700000, 0x0000000084700000, 0x0000000084800000|  0%| F|  |TAMS 0x0000000084700000, 0x0000000084700000| Untracked 
|  72|0x0000000084800000, 0x0000000084800000, 0x0000000084900000|  0%| F|  |TAMS 0x0000000084800000, 0x0000000084800000| Untracked 
|  73|0x0000000084900000, 0x0000000084900000, 0x0000000084a00000|  0%| F|  |TAMS 0x0000000084900000, 0x0000000084900000| Untracked 
|  74|0x0000000084a00000, 0x0000000084a35f40, 0x0000000084b00000| 21%| S|CS|TAMS 0x0000000084a00000, 0x0000000084a00000| Complete 
|  75|0x0000000084b00000, 0x0000000084c00000, 0x0000000084c00000|100%| S|CS|TAMS 0x0000000084b00000, 0x0000000084b00000| Complete 
|  76|0x0000000084c00000, 0x0000000084d00000, 0x0000000084d00000|100%| S|CS|TAMS 0x0000000084c00000, 0x0000000084c00000| Complete 
|  77|0x0000000084d00000, 0x0000000084e00000, 0x0000000084e00000|100%| S|CS|TAMS 0x0000000084d00000, 0x0000000084d00000| Complete 
|  78|0x0000000084e00000, 0x0000000084e00000, 0x0000000084f00000|  0%| F|  |TAMS 0x0000000084e00000, 0x0000000084e00000| Untracked 
|  79|0x0000000084f00000, 0x0000000084f00000, 0x0000000085000000|  0%| F|  |TAMS 0x0000000084f00000, 0x0000000084f00000| Untracked 
|  80|0x0000000085000000, 0x0000000085000000, 0x0000000085100000|  0%| F|  |TAMS 0x0000000085000000, 0x0000000085000000| Untracked 
|  81|0x0000000085100000, 0x0000000085100000, 0x0000000085200000|  0%| F|  |TAMS 0x0000000085100000, 0x0000000085100000| Untracked 
|  82|0x0000000085200000, 0x0000000085200000, 0x0000000085300000|  0%| F|  |TAMS 0x0000000085200000, 0x0000000085200000| Untracked 
|  83|0x0000000085300000, 0x0000000085300000, 0x0000000085400000|  0%| F|  |TAMS 0x0000000085300000, 0x0000000085300000| Untracked 
|  84|0x0000000085400000, 0x0000000085400000, 0x0000000085500000|  0%| F|  |TAMS 0x0000000085400000, 0x0000000085400000| Untracked 
|  85|0x0000000085500000, 0x0000000085500000, 0x0000000085600000|  0%| F|  |TAMS 0x0000000085500000, 0x0000000085500000| Untracked 
|  86|0x0000000085600000, 0x0000000085600000, 0x0000000085700000|  0%| F|  |TAMS 0x0000000085600000, 0x0000000085600000| Untracked 
|  87|0x0000000085700000, 0x0000000085700000, 0x0000000085800000|  0%| F|  |TAMS 0x0000000085700000, 0x0000000085700000| Untracked 
|  88|0x0000000085800000, 0x0000000085800000, 0x0000000085900000|  0%| F|  |TAMS 0x0000000085800000, 0x0000000085800000| Untracked 
|  89|0x0000000085900000, 0x0000000085900000, 0x0000000085a00000|  0%| F|  |TAMS 0x0000000085900000, 0x0000000085900000| Untracked 
|  90|0x0000000085a00000, 0x0000000085a00000, 0x0000000085b00000|  0%| F|  |TAMS 0x0000000085a00000, 0x0000000085a00000| Untracked 
|  91|0x0000000085b00000, 0x0000000085b00000, 0x0000000085c00000|  0%| F|  |TAMS 0x0000000085b00000, 0x0000000085b00000| Untracked 
|  92|0x0000000085c00000, 0x0000000085c00000, 0x0000000085d00000|  0%| F|  |TAMS 0x0000000085c00000, 0x0000000085c00000| Untracked 
|  93|0x0000000085d00000, 0x0000000085d00000, 0x0000000085e00000|  0%| F|  |TAMS 0x0000000085d00000, 0x0000000085d00000| Untracked 
|  94|0x0000000085e00000, 0x0000000085e00000, 0x0000000085f00000|  0%| F|  |TAMS 0x0000000085e00000, 0x0000000085e00000| Untracked 
|  95|0x0000000085f00000, 0x0000000085f00000, 0x0000000086000000|  0%| F|  |TAMS 0x0000000085f00000, 0x0000000085f00000| Untracked 
|  96|0x0000000086000000, 0x0000000086000000, 0x0000000086100000|  0%| F|  |TAMS 0x0000000086000000, 0x0000000086000000| Untracked 
|  97|0x0000000086100000, 0x0000000086100000, 0x0000000086200000|  0%| F|  |TAMS 0x0000000086100000, 0x0000000086100000| Untracked 
|  98|0x0000000086200000, 0x0000000086200000, 0x0000000086300000|  0%| F|  |TAMS 0x0000000086200000, 0x0000000086200000| Untracked 
|  99|0x0000000086300000, 0x0000000086300000, 0x0000000086400000|  0%| F|  |TAMS 0x0000000086300000, 0x0000000086300000| Untracked 
| 100|0x0000000086400000, 0x0000000086400000, 0x0000000086500000|  0%| F|  |TAMS 0x0000000086400000, 0x0000000086400000| Untracked 
| 202|0x000000008ca00000, 0x000000008ca00000, 0x000000008cb00000|  0%| F|  |TAMS 0x000000008ca00000, 0x000000008ca00000| Untracked 
| 203|0x000000008cb00000, 0x000000008cb79820, 0x000000008cc00000| 47%| E|  |TAMS 0x000000008cb00000, 0x000000008cb00000| Complete 
| 204|0x000000008cc00000, 0x000000008cd00000, 0x000000008cd00000|100%| E|CS|TAMS 0x000000008cc00000, 0x000000008cc00000| Complete 
| 205|0x000000008cd00000, 0x000000008ce00000, 0x000000008ce00000|100%| E|CS|TAMS 0x000000008cd00000, 0x000000008cd00000| Complete 
| 206|0x000000008ce00000, 0x000000008cf00000, 0x000000008cf00000|100%| E|CS|TAMS 0x000000008ce00000, 0x000000008ce00000| Complete 
| 207|0x000000008cf00000, 0x000000008d000000, 0x000000008d000000|100%| E|CS|TAMS 0x000000008cf00000, 0x000000008cf00000| Complete 
| 208|0x000000008d000000, 0x000000008d100000, 0x000000008d100000|100%| E|CS|TAMS 0x000000008d000000, 0x000000008d000000| Complete 
| 209|0x000000008d100000, 0x000000008d200000, 0x000000008d200000|100%| E|CS|TAMS 0x000000008d100000, 0x000000008d100000| Complete 
| 210|0x000000008d200000, 0x000000008d300000, 0x000000008d300000|100%| E|  |TAMS 0x000000008d200000, 0x000000008d200000| Complete 
| 251|0x000000008fb00000, 0x000000008fc00000, 0x000000008fc00000|100%| E|CS|TAMS 0x000000008fb00000, 0x000000008fb00000| Complete 

Card table byte_map: [0x0000023eaa9c0000,0x0000023eaadc0000] _byte_map_base: 0x0000023eaa5c0000

Marking Bits (Prev, Next): (CMBitMap*) 0x0000023e9769b240, (CMBitMap*) 0x0000023e9769b200
 Prev Bits: [0x0000023ead1c0000, 0x0000023eaf1c0000)
 Next Bits: [0x0000023eab1c0000, 0x0000023ead1c0000)

Polling page: 0x0000023e95550000

Metaspace:

Usage:
  Non-class:     43.61 MB used.
      Class:      6.64 MB used.
       Both:     50.25 MB used.

Virtual space:
  Non-class space:       64.00 MB reserved,      43.81 MB ( 68%) committed,  1 nodes.
      Class space:        1.00 GB reserved,       6.88 MB ( <1%) committed,  1 nodes.
             Both:        1.06 GB reserved,      50.69 MB (  5%) committed. 

Chunk freelists:
   Non-Class:  3.48 MB
       Class:  9.18 MB
        Both:  12.66 MB

MaxMetaspaceSize: unlimited
CompressedClassSpaceSize: 1.00 GB
Initial GC threshold: 21.00 MB
Current GC threshold: 84.38 MB
CDS: off
MetaspaceReclaimPolicy: balanced
 - commit_granule_bytes: 65536.
 - commit_granule_words: 8192.
 - virtual_space_node_default_size: 8388608.
 - enlarge_chunks_in_place: 1.
 - new_chunks_are_fully_committed: 0.
 - uncommit_free_chunks: 1.
 - use_allocation_guard: 0.
 - handle_deallocations: 1.


Internal statistics:

num_allocs_failed_limit: 3.
num_arena_births: 416.
num_arena_deaths: 4.
num_vsnodes_births: 2.
num_vsnodes_deaths: 0.
num_space_committed: 811.
num_space_uncommitted: 0.
num_chunks_returned_to_freelist: 10.
num_chunks_taken_from_freelist: 1992.
num_chunk_merges: 3.
num_chunk_splits: 1327.
num_chunks_enlarged: 944.
num_inconsistent_stats: 0.

CodeHeap 'non-profiled nmethods': size=119168Kb used=3022Kb max_used=3022Kb free=116145Kb
 bounds [0x0000023ea26b0000, 0x0000023ea29b0000, 0x0000023ea9b10000]
CodeHeap 'profiled nmethods': size=119104Kb used=9819Kb max_used=9819Kb free=109284Kb
 bounds [0x0000023e9ab10000, 0x0000023e9b4b0000, 0x0000023ea1f60000]
CodeHeap 'non-nmethods': size=7488Kb used=3997Kb max_used=4057Kb free=3490Kb
 bounds [0x0000023ea1f60000, 0x0000023ea2360000, 0x0000023ea26b0000]
 total_blobs=5732 nmethods=4904 adapters=737
 compilation: enabled
              stopped_count=0, restarted_count=0
 full_count=0

Compilation events (20 events):
Event: 6.981 Thread 0x0000023eb25b13b0 nmethod 5637 0x0000023e9b49a310 code [0x0000023e9b49a5e0, 0x0000023e9b49b328]
Event: 6.981 Thread 0x0000023eb25b13b0 5640       3       org.apache.tools.zip.ZipEntry::getCentralDirectoryExtra (9 bytes)
Event: 6.981 Thread 0x0000023eb7868870 nmethod 5645 0x0000023e9b49b810 code [0x0000023e9b49b9e0, 0x0000023e9b49bec8]
Event: 6.981 Thread 0x0000023eb7868870 5641       3       org.apache.tools.zip.ZipEntry::getUnparseableOnly (25 bytes)
Event: 6.981 Thread 0x0000023eb25b13b0 nmethod 5640 0x0000023e9b49c010 code [0x0000023e9b49c1e0, 0x0000023e9b49c528]
Event: 6.981 Thread 0x0000023ebc429080 nmethod 5644 0x0000023e9b49c690 code [0x0000023e9b49c880, 0x0000023e9b49ce98]
Event: 6.981 Thread 0x0000023eb25b13b0 5642       3       org.apache.tools.zip.ExtraFieldUtils::mergeCentralDirectoryData (221 bytes)
Event: 6.981 Thread 0x0000023eb7868870 nmethod 5641 0x0000023e9b49d090 code [0x0000023e9b49d240, 0x0000023e9b49d5b8]
Event: 6.982 Thread 0x0000023eb25b13b0 nmethod 5642 0x0000023e9b49d690 code [0x0000023e9b49d940, 0x0000023e9b49e968]
Event: 6.983 Thread 0x0000023ebc296630 nmethod 5639 0x0000023e9b49ee90 code [0x0000023e9b49f480, 0x0000023e9b4a2398]
Event: 6.989 Thread 0x0000023eb7868870 5647       3       org.objectweb.asm.MethodWriter::visitTableSwitchInsn (120 bytes)
Event: 6.990 Thread 0x0000023eb7868870 nmethod 5647 0x0000023e9b4a3810 code [0x0000023e9b4a3a20, 0x0000023e9b4a3ec8]
Event: 6.993 Thread 0x0000023ebc296630 5648       3       org.objectweb.asm.MethodWriter::computeMaxStackAndLocal (420 bytes)
Event: 6.994 Thread 0x0000023ebc296630 nmethod 5648 0x0000023e9b4a4210 code [0x0000023e9b4a44a0, 0x0000023e9b4a5448]
Event: 7.048 Thread 0x0000023ebc296630 5650       3       org.objectweb.asm.Handle::<init> (32 bytes)
Event: 7.048 Thread 0x0000023ebc296630 nmethod 5650 0x0000023e9b4a5a90 code [0x0000023e9b4a5c40, 0x0000023e9b4a5ed8]
Event: 7.048 Thread 0x0000023ebc296630 5651       3       org.objectweb.asm.Type::hashCode (68 bytes)
Event: 7.048 Thread 0x0000023ebc296630 nmethod 5651 0x0000023e9b4a5f90 code [0x0000023e9b4a61a0, 0x0000023e9b4a68d8]
Event: 7.049 Thread 0x0000023eb25b13b0 5652       3       java.util.concurrent.atomic.AtomicLong::compareAndSet (13 bytes)
Event: 7.049 Thread 0x0000023eb25b13b0 nmethod 5652 0x0000023e9b4a6c10 code [0x0000023e9b4a6da0, 0x0000023e9b4a6ed8]

GC Heap History (20 events):
Event: 5.509 GC heap before
{Heap before GC invocations=11 (full 0):
 garbage-first heap   total 68608K, used 49622K [0x0000000080000000, 0x0000000100000000)
  region size 1024K, 15 young (15360K), 2 survivors (2048K)
 Metaspace       used 37841K, committed 38144K, reserved 1114112K
  class space    used 5112K, committed 5248K, reserved 1048576K
}
Event: 5.510 GC heap after
{Heap after GC invocations=12 (full 0):
 garbage-first heap   total 68608K, used 38409K [0x0000000080000000, 0x0000000100000000)
  region size 1024K, 2 young (2048K), 2 survivors (2048K)
 Metaspace       used 37841K, committed 38144K, reserved 1114112K
  class space    used 5112K, committed 5248K, reserved 1048576K
}
Event: 5.589 GC heap before
{Heap before GC invocations=12 (full 0):
 garbage-first heap   total 68608K, used 53769K [0x0000000080000000, 0x0000000100000000)
  region size 1024K, 18 young (18432K), 2 survivors (2048K)
 Metaspace       used 38456K, committed 38784K, reserved 1114112K
  class space    used 5178K, committed 5312K, reserved 1048576K
}
Event: 5.590 GC heap after
{Heap after GC invocations=13 (full 0):
 garbage-first heap   total 68608K, used 39086K [0x0000000080000000, 0x0000000100000000)
  region size 1024K, 2 young (2048K), 2 survivors (2048K)
 Metaspace       used 38456K, committed 38784K, reserved 1114112K
  class space    used 5178K, committed 5312K, reserved 1048576K
}
Event: 5.744 GC heap before
{Heap before GC invocations=14 (full 0):
 garbage-first heap   total 68608K, used 54446K [0x0000000080000000, 0x0000000100000000)
  region size 1024K, 18 young (18432K), 2 survivors (2048K)
 Metaspace       used 40538K, committed 40896K, reserved 1114112K
  class space    used 5566K, committed 5696K, reserved 1048576K
}
Event: 5.747 GC heap after
{Heap after GC invocations=15 (full 0):
 garbage-first heap   total 82944K, used 40445K [0x0000000080000000, 0x0000000100000000)
  region size 1024K, 3 young (3072K), 3 survivors (3072K)
 Metaspace       used 40538K, committed 40896K, reserved 1114112K
  class space    used 5566K, committed 5696K, reserved 1048576K
}
Event: 6.242 GC heap before
{Heap before GC invocations=15 (full 0):
 garbage-first heap   total 82944K, used 65021K [0x0000000080000000, 0x0000000100000000)
  region size 1024K, 28 young (28672K), 3 survivors (3072K)
 Metaspace       used 46719K, committed 47104K, reserved 1114112K
  class space    used 6252K, committed 6464K, reserved 1048576K
}
Event: 6.244 GC heap after
{Heap after GC invocations=16 (full 0):
 garbage-first heap   total 82944K, used 43657K [0x0000000080000000, 0x0000000100000000)
  region size 1024K, 4 young (4096K), 4 survivors (4096K)
 Metaspace       used 46719K, committed 47104K, reserved 1114112K
  class space    used 6252K, committed 6464K, reserved 1048576K
}
Event: 6.330 GC heap before
{Heap before GC invocations=17 (full 0):
 garbage-first heap   total 82944K, used 51849K [0x0000000080000000, 0x0000000100000000)
  region size 1024K, 14 young (14336K), 4 survivors (4096K)
 Metaspace       used 47679K, committed 48064K, reserved 1114112K
  class space    used 6365K, committed 6528K, reserved 1048576K
}
Event: 6.332 GC heap after
{Heap after GC invocations=18 (full 0):
 garbage-first heap   total 82944K, used 45640K [0x0000000080000000, 0x0000000100000000)
  region size 1024K, 2 young (2048K), 2 survivors (2048K)
 Metaspace       used 47679K, committed 48064K, reserved 1114112K
  class space    used 6365K, committed 6528K, reserved 1048576K
}
Event: 6.510 GC heap before
{Heap before GC invocations=19 (full 0):
 garbage-first heap   total 83968K, used 67144K [0x0000000080000000, 0x0000000100000000)
  region size 1024K, 21 young (21504K), 2 survivors (2048K)
 Metaspace       used 49037K, committed 49408K, reserved 1114112K
  class space    used 6463K, committed 6592K, reserved 1048576K
}
Event: 6.511 GC heap after
{Heap after GC invocations=20 (full 0):
 garbage-first heap   total 83968K, used 46188K [0x0000000080000000, 0x0000000100000000)
  region size 1024K, 2 young (2048K), 2 survivors (2048K)
 Metaspace       used 49037K, committed 49408K, reserved 1114112K
  class space    used 6463K, committed 6592K, reserved 1048576K
}
Event: 6.749 GC heap before
{Heap before GC invocations=20 (full 0):
 garbage-first heap   total 83968K, used 63596K [0x0000000080000000, 0x0000000100000000)
  region size 1024K, 20 young (20480K), 2 survivors (2048K)
 Metaspace       used 51157K, committed 51648K, reserved 1114112K
  class space    used 6803K, committed 7040K, reserved 1048576K
}
Event: 6.750 GC heap after
{Heap after GC invocations=21 (full 0):
 garbage-first heap   total 83968K, used 46960K [0x0000000080000000, 0x0000000100000000)
  region size 1024K, 2 young (2048K), 2 survivors (2048K)
 Metaspace       used 51157K, committed 51648K, reserved 1114112K
  class space    used 6803K, committed 7040K, reserved 1048576K
}
Event: 6.793 GC heap before
{Heap before GC invocations=22 (full 0):
 garbage-first heap   total 94208K, used 62320K [0x0000000080000000, 0x0000000100000000)
  region size 1024K, 12 young (12288K), 2 survivors (2048K)
 Metaspace       used 51292K, committed 51776K, reserved 1114112K
  class space    used 6805K, committed 7040K, reserved 1048576K
}
Event: 6.795 GC heap after
{Heap after GC invocations=23 (full 0):
 garbage-first heap   total 94208K, used 50521K [0x0000000080000000, 0x0000000100000000)
  region size 1024K, 2 young (2048K), 2 survivors (2048K)
 Metaspace       used 51292K, committed 51776K, reserved 1114112K
  class space    used 6805K, committed 7040K, reserved 1048576K
}
Event: 6.868 GC heap before
{Heap before GC invocations=24 (full 0):
 garbage-first heap   total 94208K, used 66905K [0x0000000080000000, 0x0000000100000000)
  region size 1024K, 19 young (19456K), 2 survivors (2048K)
 Metaspace       used 51359K, committed 51840K, reserved 1114112K
  class space    used 6806K, committed 7040K, reserved 1048576K
}
Event: 6.872 GC heap after
{Heap after GC invocations=25 (full 0):
 garbage-first heap   total 113664K, used 54819K [0x0000000080000000, 0x0000000100000000)
  region size 1024K, 4 young (4096K), 4 survivors (4096K)
 Metaspace       used 51359K, committed 51840K, reserved 1114112K
  class space    used 6806K, committed 7040K, reserved 1048576K
}
Event: 7.041 GC heap before
{Heap before GC invocations=26 (full 0):
 garbage-first heap   total 113664K, used 88611K [0x0000000080000000, 0x0000000100000000)
  region size 1024K, 37 young (37888K), 4 survivors (4096K)
 Metaspace       used 51454K, committed 51904K, reserved 1114112K
  class space    used 6802K, committed 7040K, reserved 1048576K
}
Event: 7.044 GC heap after
{Heap after GC invocations=27 (full 0):
 garbage-first heap   total 113664K, used 54172K [0x0000000080000000, 0x0000000100000000)
  region size 1024K, 4 young (4096K), 4 survivors (4096K)
 Metaspace       used 51454K, committed 51904K, reserved 1114112K
  class space    used 6802K, committed 7040K, reserved 1048576K
}

Dll operation events (2 events):
Event: 0.006 Loaded shared library C:\Program Files\Android\Android Studio\jbr\bin\java.dll
Event: 0.274 Loaded shared library C:\Program Files\Android\Android Studio\jbr\bin\verify.dll

Deoptimization events (20 events):
Event: 6.877 Thread 0x0000023eb934be40 Uncommon trap: trap_request=0xffffff45 fr.pc=0x0000023ea2981dec relative=0x00000000000013cc
Event: 6.877 Thread 0x0000023eb934be40 Uncommon trap: reason=unstable_if action=reinterpret pc=0x0000023ea2981dec method=org.objectweb.asm.MethodWriter.visitLocalVariable(Ljava/lang/String;Ljava/lang/String;Ljava/lang/String;Lorg/objectweb/asm/Label;Lorg/objectweb/asm/Label;I)V @ 1 c2
Event: 6.877 Thread 0x0000023eb934be40 DEOPT PACKING pc=0x0000023ea2981dec sp=0x0000004ae75fe050
Event: 6.877 Thread 0x0000023eb934be40 DEOPT UNPACKING pc=0x0000023ea1fb69a3 sp=0x0000004ae75fde60 mode 2
Event: 6.892 Thread 0x0000023eb934be40 Uncommon trap: trap_request=0xffffff45 fr.pc=0x0000023ea297ef54 relative=0x0000000000000c34
Event: 6.892 Thread 0x0000023eb934be40 Uncommon trap: reason=unstable_if action=reinterpret pc=0x0000023ea297ef54 method=org.objectweb.asm.ClassReader.readVerificationTypeInfo(I[Ljava/lang/Object;I[C[Lorg/objectweb/asm/Label;)I @ 21 c2
Event: 6.892 Thread 0x0000023eb934be40 DEOPT PACKING pc=0x0000023ea297ef54 sp=0x0000004ae75fdf60
Event: 6.892 Thread 0x0000023eb934be40 DEOPT UNPACKING pc=0x0000023ea1fb69a3 sp=0x0000004ae75fdf10 mode 2
Event: 6.968 Thread 0x0000023eb934be40 Uncommon trap: trap_request=0xffffff45 fr.pc=0x0000023ea2973624 relative=0x0000000000000ae4
Event: 6.968 Thread 0x0000023eb934be40 Uncommon trap: reason=unstable_if action=reinterpret pc=0x0000023ea2973624 method=org.objectweb.asm.MethodWriter.visitLabel(Lorg/objectweb/asm/Label;)V @ 238 c2
Event: 6.968 Thread 0x0000023eb934be40 DEOPT PACKING pc=0x0000023ea2973624 sp=0x0000004ae75fe190
Event: 6.968 Thread 0x0000023eb934be40 DEOPT UNPACKING pc=0x0000023ea1fb69a3 sp=0x0000004ae75fe168 mode 2
Event: 6.968 Thread 0x0000023eb934be40 Uncommon trap: trap_request=0xffffff45 fr.pc=0x0000023ea297c4bc relative=0x000000000000075c
Event: 6.968 Thread 0x0000023eb934be40 Uncommon trap: reason=unstable_if action=reinterpret pc=0x0000023ea297c4bc method=org.objectweb.asm.MethodWriter.endCurrentBasicBlockWithNoSuccessor()V @ 73 c2
Event: 6.968 Thread 0x0000023eb934be40 DEOPT PACKING pc=0x0000023ea297c4bc sp=0x0000004ae75fe060
Event: 6.968 Thread 0x0000023eb934be40 DEOPT UNPACKING pc=0x0000023ea1fb69a3 sp=0x0000004ae75fdfc8 mode 2
Event: 6.978 Thread 0x0000023eb93449d0 Uncommon trap: trap_request=0xfffffff4 fr.pc=0x0000023ea2840820 relative=0x0000000000001340
Event: 6.979 Thread 0x0000023eb93449d0 Uncommon trap: reason=null_check action=make_not_entrant pc=0x0000023ea2840820 method=org.gradle.api.internal.file.archive.impl.FileZipInput$1.computeNext()Lorg/gradle/api/internal/file/archive/ZipEntry; @ 19 c2
Event: 6.979 Thread 0x0000023eb93449d0 DEOPT PACKING pc=0x0000023ea2840820 sp=0x0000004ae9efe730
Event: 6.979 Thread 0x0000023eb93449d0 DEOPT UNPACKING pc=0x0000023ea1fb69a3 sp=0x0000004ae9efe620 mode 2

Classes unloaded (5 events):
Event: 6.761 Thread 0x0000023eb1f62ca0 Unloading class 0x00000001005f4000 '_BuildScript_$_run_closure1'
Event: 6.761 Thread 0x0000023eb1f62ca0 Unloading class 0x00000001005ec000 '_BuildScript_'
Event: 6.883 Thread 0x0000023eb1f62ca0 Unloading class 0x0000000100630968 '_BuildScript_$_run_closure1$_closure2'
Event: 6.883 Thread 0x0000023eb1f62ca0 Unloading class 0x0000000100630558 '_BuildScript_$_run_closure1'
Event: 6.883 Thread 0x0000023eb1f62ca0 Unloading class 0x0000000100630000 '_BuildScript_'

Classes redefined (0 events):
No events

Internal exceptions (20 events):
Event: 6.484 Thread 0x0000023eb7cab9c0 Exception <a 'java/lang/ClassNotFoundException'{0x0000000083fda378}: org/gradle/internal/metaobject/ConfigureDelegateCustomizer> (0x0000000083fda378) 
thrown [s\src\hotspot\share\classfile\systemDictionary.cpp, line 256]
Event: 6.489 Thread 0x0000023eb7cab9c0 Exception <a 'java/lang/ClassNotFoundException'{0x0000000083e32678}: org/gradle/api/internal/initialization/DefaultScriptHandlerBeanInfo> (0x0000000083e32678) 
thrown [s\src\hotspot\share\classfile\systemDictionary.cpp, line 256]
Event: 6.489 Thread 0x0000023eb7cab9c0 Exception <a 'java/lang/ClassNotFoundException'{0x0000000083e42bb8}: org/gradle/api/internal/initialization/DefaultScriptHandlerCustomizer> (0x0000000083e42bb8) 
thrown [s\src\hotspot\share\classfile\systemDictionary.cpp, line 256]
Event: 6.566 Thread 0x0000023eb7cab9c0 Implicit null exception at 0x0000023ea29624ec to 0x0000023ea2962594
Event: 6.572 Thread 0x0000023eb7cab9c0 Exception <a 'java/lang/ClassNotFoundException'{0x000000008cfa82f8}: org/gradle/api/internal/artifacts/dsl/dependencies/DefaultDependencyHandler_DecoratedBeanInfo> (0x000000008cfa82f8) 
thrown [s\src\hotspot\share\classfile\systemDictionary.cpp, line 256]
Event: 6.572 Thread 0x0000023eb7cab9c0 Exception <a 'java/lang/ClassNotFoundException'{0x000000008cfbd8d0}: org/gradle/api/internal/artifacts/dsl/dependencies/DefaultDependencyHandlerBeanInfo> (0x000000008cfbd8d0) 
thrown [s\src\hotspot\share\classfile\systemDictionary.cpp, line 256]
Event: 6.573 Thread 0x0000023eb7cab9c0 Exception <a 'java/lang/ClassNotFoundException'{0x000000008cfd2bb0}: org/gradle/api/internal/artifacts/dsl/dependencies/DefaultDependencyHandlerCustomizer> (0x000000008cfd2bb0) 
thrown [s\src\hotspot\share\classfile\systemDictionary.cpp, line 256]
Event: 6.575 Thread 0x0000023eb7cab9c0 Exception <a 'java/lang/ClassNotFoundException'{0x000000008ce133e8}: org/gradle/api/internal/artifacts/dsl/dependencies/DefaultDependencyHandler_DecoratedCustomizer> (0x000000008ce133e8) 
thrown [s\src\hotspot\share\classfile\systemDictionary.cpp, line 256]
Event: 6.578 Thread 0x0000023eb7cab9c0 Exception <a 'java/lang/ClassNotFoundException'{0x000000008ce54988}: sync_studio_tooling9_dcoily49pcle8e4kxeogu6rzg$_run_closure1BeanInfo> (0x000000008ce54988) 
thrown [s\src\hotspot\share\classfile\systemDictionary.cpp, line 256]
Event: 6.578 Thread 0x0000023eb7cab9c0 Exception <a 'java/lang/ClassNotFoundException'{0x000000008ce5b970}: sync_studio_tooling9_dcoily49pcle8e4kxeogu6rzg$_run_closure1Customizer> (0x000000008ce5b970) 
thrown [s\src\hotspot\share\classfile\systemDictionary.cpp, line 256]
Event: 6.615 Thread 0x0000023eb7cab9c0 Exception <a 'java/lang/NoSuchMethodError'{0x000000008cc6cd88}: 'java.lang.Object java.lang.invoke.DirectMethodHandle$Holder.newInvokeSpecial(java.lang.Object, int, java.lang.Object)'> (0x000000008cc6cd88) 
thrown [s\src\hotspot\share\interpreter\linkResolver.cpp, line 771]
Event: 6.680 Thread 0x0000023eb7cab9c0 Exception <a 'java/lang/IncompatibleClassChangeError'{0x0000000084510bc8}: Found class java.lang.Object, but interface was expected> (0x0000000084510bc8) 
thrown [s\src\hotspot\share\interpreter\linkResolver.cpp, line 838]
Event: 6.681 Thread 0x0000023eb7cab9c0 Exception <a 'java/lang/NoSuchMethodError'{0x0000000084518678}: 'int java.lang.invoke.DirectMethodHandle$Holder.invokeSpecialIFC(java.lang.Object, java.lang.Object, java.lang.Object, java.lang.Object, java.lang.Object)'> (0x0000000084518678) 
thrown [s\src\hotspot\share\interpreter\linkResolver.cpp, line 771]
Event: 6.743 Thread 0x0000023eb7cab9c0 Exception <a 'java/lang/NoSuchMethodError'{0x0000000084030a58}: 'int java.lang.invoke.DirectMethodHandle$Holder.invokeStatic(java.lang.Object)'> (0x0000000084030a58) 
thrown [s\src\hotspot\share\interpreter\linkResolver.cpp, line 771]
Event: 6.743 Thread 0x0000023eb7cab9c0 Exception <a 'java/lang/NoSuchMethodError'{0x0000000084034e48}: 'int java.lang.invoke.DirectMethodHandle$Holder.invokeStaticInit(java.lang.Object)'> (0x0000000084034e48) 
thrown [s\src\hotspot\share\interpreter\linkResolver.cpp, line 771]
Event: 6.756 Thread 0x0000023eb93449d0 Exception <a 'sun/nio/fs/WindowsException'{0x000000008fb740e0}> (0x000000008fb740e0) 
thrown [s\src\hotspot\share\prims\jni.cpp, line 517]
Event: 6.766 Thread 0x0000023eb934be40 Exception <a 'sun/nio/fs/WindowsException'{0x000000008ce47648}> (0x000000008ce47648) 
thrown [s\src\hotspot\share\prims\jni.cpp, line 517]
Event: 6.978 Thread 0x0000023eb93449d0 Implicit null exception at 0x0000023ea28401f7 to 0x0000023ea2840810
Event: 6.982 Thread 0x0000023eb93449d0 Exception <a 'sun/nio/fs/WindowsException'{0x0000000085280030}> (0x0000000085280030) 
thrown [s\src\hotspot\share\prims\jni.cpp, line 517]
Event: 6.982 Thread 0x0000023eb93449d0 Exception <a 'sun/nio/fs/WindowsException'{0x00000000852801d0}> (0x00000000852801d0) 
thrown [s\src\hotspot\share\prims\jni.cpp, line 517]

VM Operations (20 events):
Event: 6.749 Executing VM operation: G1TryInitiateConcMark
Event: 6.751 Executing VM operation: G1TryInitiateConcMark done
Event: 6.760 Executing VM operation: G1PauseRemark
Event: 6.765 Executing VM operation: G1PauseRemark done
Event: 6.770 Executing VM operation: G1PauseCleanup
Event: 6.771 Executing VM operation: G1PauseCleanup done
Event: 6.793 Executing VM operation: G1TryInitiateConcMark
Event: 6.795 Executing VM operation: G1TryInitiateConcMark done
Event: 6.805 Executing VM operation: G1PauseRemark
Event: 6.807 Executing VM operation: G1PauseRemark done
Event: 6.813 Executing VM operation: G1PauseCleanup
Event: 6.813 Executing VM operation: G1PauseCleanup done
Event: 6.868 Executing VM operation: G1TryInitiateConcMark
Event: 6.872 Executing VM operation: G1TryInitiateConcMark done
Event: 6.883 Executing VM operation: G1PauseRemark
Event: 6.887 Executing VM operation: G1PauseRemark done
Event: 6.893 Executing VM operation: G1PauseCleanup
Event: 6.894 Executing VM operation: G1PauseCleanup done
Event: 7.040 Executing VM operation: G1CollectForAllocation
Event: 7.044 Executing VM operation: G1CollectForAllocation done

Events (20 events):
Event: 6.409 loading class java/util/stream/SortedOps$SizedIntSortingSink
Event: 6.409 loading class java/util/stream/SortedOps$AbstractIntSortingSink
Event: 6.409 loading class java/util/stream/SortedOps$AbstractIntSortingSink done
Event: 6.409 loading class java/util/stream/SortedOps$SizedIntSortingSink done
Event: 6.409 loading class java/util/stream/ReferencePipeline$4$1
Event: 6.409 loading class java/util/stream/ReferencePipeline$4$1 done
Event: 6.454 loading class java/util/stream/ReduceOps$5
Event: 6.454 loading class java/util/stream/ReduceOps$5 done
Event: 6.455 loading class java/util/stream/ReduceOps$CountingSink$OfRef
Event: 6.455 loading class java/util/stream/ReduceOps$CountingSink$OfRef done
Event: 6.680 loading class java/util/Collections$ReverseComparator
Event: 6.680 loading class java/util/Collections$ReverseComparator done
Event: 6.680 loading class java/util/Comparators$NaturalOrderComparator
Event: 6.680 loading class java/util/Comparators$NaturalOrderComparator done
Event: 6.680 loading class java/util/Collections$ReverseComparator2
Event: 6.680 loading class java/util/Collections$ReverseComparator2 done
Event: 6.720 loading class java/io/DeleteOnExitHook
Event: 6.720 loading class java/io/DeleteOnExitHook done
Event: 6.720 loading class java/io/DeleteOnExitHook$1
Event: 6.720 loading class java/io/DeleteOnExitHook$1 done


Dynamic libraries:
0x00007ff7b14a0000 - 0x00007ff7b14aa000 	C:\Program Files\Android\Android Studio\jbr\bin\java.exe
0x00007ffd5c990000 - 0x00007ffd5cba8000 	C:\WINDOWS\SYSTEM32\ntdll.dll
0x00007ffd5b140000 - 0x00007ffd5b204000 	C:\WINDOWS\System32\KERNEL32.DLL
0x00007ffd59b70000 - 0x00007ffd59f43000 	C:\WINDOWS\System32\KERNELBASE.dll
0x00007ffd5a090000 - 0x00007ffd5a1a1000 	C:\WINDOWS\System32\ucrtbase.dll
0x00007ffd2b1f0000 - 0x00007ffd2b20b000 	C:\Program Files\Android\Android Studio\jbr\bin\VCRUNTIME140.dll
0x00007ffd06a70000 - 0x00007ffd06a87000 	C:\Program Files\Android\Android Studio\jbr\bin\jli.dll
0x00007ffd5bc40000 - 0x00007ffd5bdf2000 	C:\WINDOWS\System32\USER32.dll
0x00007ffd58d80000 - 0x00007ffd5901c000 	C:\WINDOWS\WinSxS\amd64_microsoft.windows.common-controls_6595b64144ccf1df_6.0.22621.6060_none_2712eda17382d24b\COMCTL32.dll
0x00007ffd5bf30000 - 0x00007ffd5bfd7000 	C:\WINDOWS\System32\msvcrt.dll
0x00007ffd5a4c0000 - 0x00007ffd5a4e6000 	C:\WINDOWS\System32\win32u.dll
0x00007ffd5b0f0000 - 0x00007ffd5b119000 	C:\WINDOWS\System32\GDI32.dll
0x00007ffd5a3a0000 - 0x00007ffd5a4bb000 	C:\WINDOWS\System32\gdi32full.dll
0x00007ffd59aa0000 - 0x00007ffd59b3a000 	C:\WINDOWS\System32\msvcp_win.dll
0x00007ffd5b040000 - 0x00007ffd5b071000 	C:\WINDOWS\System32\IMM32.DLL
0x00007ffd4cc60000 - 0x00007ffd4cc6c000 	C:\Program Files\Android\Android Studio\jbr\bin\vcruntime140_1.dll
0x00007ffcd4310000 - 0x00007ffcd439d000 	C:\Program Files\Android\Android Studio\jbr\bin\msvcp140.dll
0x00007ffcfb880000 - 0x00007ffcfc503000 	C:\Program Files\Android\Android Studio\jbr\bin\server\jvm.dll
0x00007ffd5c6c0000 - 0x00007ffd5c771000 	C:\WINDOWS\System32\ADVAPI32.dll
0x00007ffd5be00000 - 0x00007ffd5bea8000 	C:\WINDOWS\System32\sechost.dll
0x00007ffd59b40000 - 0x00007ffd59b68000 	C:\WINDOWS\System32\bcrypt.dll
0x00007ffd5b920000 - 0x00007ffd5ba38000 	C:\WINDOWS\System32\RPCRT4.dll
0x00007ffd593b0000 - 0x00007ffd593fd000 	C:\WINDOWS\SYSTEM32\POWRPROF.dll
0x00007ffd3b2c0000 - 0x00007ffd3b2c9000 	C:\WINDOWS\SYSTEM32\WSOCK32.dll
0x00007ffd50d20000 - 0x00007ffd50d54000 	C:\WINDOWS\SYSTEM32\WINMM.dll
0x00007ffd5beb0000 - 0x00007ffd5bf21000 	C:\WINDOWS\System32\WS2_32.dll
0x00007ffd53ab0000 - 0x00007ffd53aba000 	C:\WINDOWS\SYSTEM32\VERSION.dll
0x00007ffd59060000 - 0x00007ffd59073000 	C:\WINDOWS\SYSTEM32\UMPDC.dll
0x00007ffd58330000 - 0x00007ffd58348000 	C:\WINDOWS\SYSTEM32\kernel.appcore.dll
0x00007ffd07f90000 - 0x00007ffd07f9a000 	C:\Program Files\Android\Android Studio\jbr\bin\jimage.dll
0x00007ffd59400000 - 0x00007ffd59633000 	C:\WINDOWS\SYSTEM32\DBGHELP.DLL
0x00007ffd5b370000 - 0x00007ffd5b701000 	C:\WINDOWS\System32\combase.dll
0x00007ffd5c020000 - 0x00007ffd5c0f8000 	C:\WINDOWS\System32\OLEAUT32.dll
0x00007ffd59250000 - 0x00007ffd59282000 	C:\WINDOWS\SYSTEM32\dbgcore.DLL
0x00007ffd5a1b0000 - 0x00007ffd5a22b000 	C:\WINDOWS\System32\bcryptPrimitives.dll
0x00007ffd07f60000 - 0x00007ffd07f85000 	C:\Program Files\Android\Android Studio\jbr\bin\java.dll
0x00007ffd07f40000 - 0x00007ffd07f58000 	C:\Program Files\Android\Android Studio\jbr\bin\zip.dll
0x00007ffd5a690000 - 0x00007ffd5af2c000 	C:\WINDOWS\System32\SHELL32.dll
0x00007ffd5a4f0000 - 0x00007ffd5a62f000 	C:\WINDOWS\System32\wintypes.dll
0x00007ffd571e0000 - 0x00007ffd57afa000 	C:\WINDOWS\SYSTEM32\windows.storage.dll
0x00007ffd5af30000 - 0x00007ffd5b034000 	C:\WINDOWS\System32\SHCORE.dll
0x00007ffd5b080000 - 0x00007ffd5b0e9000 	C:\WINDOWS\System32\shlwapi.dll
0x00007ffd599d0000 - 0x00007ffd599f5000 	C:\WINDOWS\SYSTEM32\profapi.dll
0x00007ffd07f20000 - 0x00007ffd07f39000 	C:\Program Files\Android\Android Studio\jbr\bin\net.dll
0x00007ffd52910000 - 0x00007ffd52a3c000 	C:\WINDOWS\SYSTEM32\WINHTTP.dll
0x00007ffd58820000 - 0x00007ffd58889000 	C:\WINDOWS\system32\mswsock.dll
0x00007ffd07f00000 - 0x00007ffd07f16000 	C:\Program Files\Android\Android Studio\jbr\bin\nio.dll
0x00007ffd06dc0000 - 0x00007ffd06dd0000 	C:\Program Files\Android\Android Studio\jbr\bin\verify.dll
0x00007ffcd5ec0000 - 0x00007ffcd5ee7000 	C:\Users\L13Y09W32\.gradle\native\e1d6ef7f7dcc3fd88c89a11ec53ec762bb8ba0a96d01ffa2cd45eb1d1d8dd5c5\windows-amd64\native-platform.dll
0x00007ffcd21d0000 - 0x00007ffcd2314000 	C:\Users\L13Y09W32\.gradle\native\0d407fdbe67a94daf76414ababcb853783967236a71b16ec16e742cd7a986fd3\windows-amd64\native-platform-file-events.dll
0x00007ffd076e0000 - 0x00007ffd076e9000 	C:\Program Files\Android\Android Studio\jbr\bin\management.dll
0x00007ffd076d0000 - 0x00007ffd076db000 	C:\Program Files\Android\Android Studio\jbr\bin\management_ext.dll
0x00007ffd5a630000 - 0x00007ffd5a638000 	C:\WINDOWS\System32\PSAPI.DLL
0x00007ffd59740000 - 0x00007ffd5975b000 	C:\WINDOWS\SYSTEM32\CRYPTSP.dll
0x00007ffd582f0000 - 0x00007ffd58327000 	C:\WINDOWS\system32\rsaenh.dll
0x00007ffd58910000 - 0x00007ffd58938000 	C:\WINDOWS\SYSTEM32\USERENV.dll
0x00007ffd58ad0000 - 0x00007ffd58adc000 	C:\WINDOWS\SYSTEM32\CRYPTBASE.dll
0x00007ffd57c20000 - 0x00007ffd57c4d000 	C:\WINDOWS\SYSTEM32\IPHLPAPI.DLL
0x00007ffd5c000000 - 0x00007ffd5c009000 	C:\WINDOWS\System32\NSI.dll
0x00007ffd52d30000 - 0x00007ffd52d49000 	C:\WINDOWS\SYSTEM32\dhcpcsvc6.DLL
0x00007ffd52c10000 - 0x00007ffd52c2f000 	C:\WINDOWS\SYSTEM32\dhcpcsvc.DLL
0x00007ffd57c80000 - 0x00007ffd57d78000 	C:\WINDOWS\SYSTEM32\DNSAPI.dll
0x00007ffd07ef0000 - 0x00007ffd07ef8000 	C:\WINDOWS\system32\wshunix.dll

dbghelp: loaded successfully - version: 4.0.5 - missing functions: none
symbol engine: initialized successfully - sym options: 0x614 - pdb path: .;C:\Program Files\Android\Android Studio\jbr\bin;C:\WINDOWS\SYSTEM32;C:\WINDOWS\WinSxS\amd64_microsoft.windows.common-controls_6595b64144ccf1df_6.0.22621.6060_none_2712eda17382d24b;C:\Program Files\Android\Android Studio\jbr\bin\server;C:\Users\L13Y09W32\.gradle\native\e1d6ef7f7dcc3fd88c89a11ec53ec762bb8ba0a96d01ffa2cd45eb1d1d8dd5c5\windows-amd64;C:\Users\L13Y09W32\.gradle\native\0d407fdbe67a94daf76414ababcb853783967236a71b16ec16e742cd7a986fd3\windows-amd64

VM Arguments:
jvm_args: --add-opens=java.base/java.util=ALL-UNNAMED --add-opens=java.base/java.lang=ALL-UNNAMED --add-opens=java.base/java.lang.invoke=ALL-UNNAMED --add-opens=java.base/java.util=ALL-UNNAMED --add-opens=java.prefs/java.util.prefs=ALL-UNNAMED --add-opens=java.prefs/java.util.prefs=ALL-UNNAMED --add-opens=java.base/java.nio.charset=ALL-UNNAMED --add-opens=java.base/java.net=ALL-UNNAMED --add-opens=java.base/java.util.concurrent.atomic=ALL-UNNAMED -Xmx2048m -Dfile.encoding=UTF-8 -Duser.country=US -Duser.language=en -Duser.variant 
java_command: org.gradle.launcher.daemon.bootstrap.GradleDaemon 7.5
java_class_path (initial): C:\Users\L13Y09W32\.gradle\wrapper\dists\gradle-7.5-bin\f1w0cc9nuo0eivz97x2xlu9sv\gradle-7.5\lib\gradle-launcher-7.5.jar
Launcher Type: SUN_STANDARD

[Global flags]
     intx CICompilerCount                          = 12                                        {product} {ergonomic}
     uint ConcGCThreads                            = 4                                         {product} {ergonomic}
     uint G1ConcRefinementThreads                  = 15                                        {product} {ergonomic}
   size_t G1HeapRegionSize                         = 1048576                                   {product} {ergonomic}
    uintx GCDrainStackTargetSize                   = 64                                        {product} {ergonomic}
   size_t InitialHeapSize                          = 264241152                                 {product} {ergonomic}
   size_t MarkStackSize                            = 4194304                                   {product} {ergonomic}
   size_t MaxHeapSize                              = 2147483648                                {product} {command line}
   size_t MaxNewSize                               = 1287651328                                {product} {ergonomic}
   size_t MinHeapDeltaBytes                        = 1048576                                   {product} {ergonomic}
   size_t MinHeapSize                              = 8388608                                   {product} {ergonomic}
    uintx NonNMethodCodeHeapSize                   = 7602480                                {pd product} {ergonomic}
    uintx NonProfiledCodeHeapSize                  = 122027880                              {pd product} {ergonomic}
    uintx ProfiledCodeHeapSize                     = 122027880                              {pd product} {ergonomic}
    uintx ReservedCodeCacheSize                    = 251658240                              {pd product} {ergonomic}
     bool SegmentedCodeCache                       = true                                      {product} {ergonomic}
   size_t SoftMaxHeapSize                          = 2147483648                             {manageable} {ergonomic}
     bool UseCompressedClassPointers               = true                           {product lp64_product} {ergonomic}
     bool UseCompressedOops                        = true                           {product lp64_product} {ergonomic}
     bool UseG1GC                                  = true                                      {product} {ergonomic}
     bool UseLargePagesIndividualAllocation        = false                                  {pd product} {ergonomic}

Logging:
Log output configuration:
 #0: stdout all=warning uptime,level,tags
 #1: stderr all=off uptime,level,tags

Environment Variables:
PATH=C:\Program Files (x86)\VMware\VMware Workstation\bin\;C:\Program Files\Microsoft\jdk-11.0.12.7-hotspot\bin;C:\Program Files\Common Files\Oracle\Java\javapath;C:\Program Files (x86)\Common Files\Oracle\Java\javapath;C:\WINDOWS\system32;C:\WINDOWS;C:\WINDOWS\System32\Wbem;C:\WINDOWS\System32\WindowsPowerShell\v1.0\;C:\WINDOWS\System32\OpenSSH\;C:\Program Files\Microsoft SQL Server\150\Tools\Binn\;C:\Program Files\Microsoft SQL Server\Client SDK\ODBC\170\Tools\Binn\;C:\Program Files\dotnet\;C:\Program Files (x86)\IncrediBuild;C:\Program Files\Git\cmd;C:\Program Files\nodejs\;C:\Users\L13Y09W32\AppData\Local\Programs\Eclipse Adoptium\jdk-25.0.2.10-hotspot\bin;C:\Users\L13Y09W32\AppData\Local\Microsoft\WindowsApps;C:\Users\L13Y09W32\AppData\Local\Programs\Microsoft VS Code\bin;C:\Users\L13Y09W32\AppData\Local\Programs\Antigravity\bin
USERNAME=L13Y09W32
OS=Windows_NT
PROCESSOR_IDENTIFIER=Intel64 Family 6 Model 151 Stepping 2, GenuineIntel
TMP=C:\Users\L13Y09~1\AppData\Local\Temp
TEMP=C:\Users\L13Y09~1\AppData\Local\Temp



Periodic native trim disabled

JNI global refs:
JNI global refs: 42, weak refs: 30

JNI global refs memory usage: 843, weak refs: 841

OOME stack traces (most recent first):
Classloader memory used:
Loader org.gradle.internal.classloader.VisitableURLClassLoader                         : 3253K
Loader bootstrap                                                                       : 2395K
Loader org.gradle.initialization.MixInLegacyTypesClassLoader                           : 615K
Loader jdk.internal.loader.ClassLoaders$PlatformClassLoader                            : 65920B
Loader org.gradle.internal.classloader.VisitableURLClassLoader                         : 53072B
Loader jdk.internal.loader.ClassLoaders$AppClassLoader                                 : 25675B
Loader jdk.internal.reflect.DelegatingClassLoader                                      : 21995B
Loader org.gradle.groovy.scripts.internal.DefaultScriptCompilationHandler$ScriptClassLoader: 3743B
Loader org.codehaus.groovy.runtime.callsite.CallSiteClassLoader                        : 876B

Classes loaded by more than one classloader:
Class org.gradle.api.GradleException                                                  : loaded 3 times (x 80B)
Class org.gradle.util.GradleVersion                                                   : loaded 2 times (x 81B)
Class org.gradle.internal.classpath.ClassPath                                         : loaded 2 times (x 68B)
Class org.gradle.api.internal.classpath.DefaultModuleRegistry                         : loaded 2 times (x 84B)
Class org.gradle.api.Action                                                           : loaded 2 times (x 68B)
Class org.gradle.api.internal.DefaultClassPathProvider                                : loaded 2 times (x 74B)
Class org.gradle.internal.installation.GradleInstallation$1                           : loaded 2 times (x 73B)
Class org.gradle.internal.exceptions.DefaultMultiCauseException                       : loaded 2 times (x 89B)
Class org.gradle.internal.time.MonotonicClock                                         : loaded 2 times (x 75B)
Class org.gradle.internal.classloader.FilteringClassLoader                            : loaded 2 times (x 103B)
Class org.gradle.internal.classpath.DefaultClassPath$ImmutableUniqueList$Builder      : loaded 2 times (x 73B)
Class org.gradle.internal.classloader.ClassLoaderVisitor                              : loaded 2 times (x 74B)
Class org.gradle.internal.time.DefaultCountdownTimer                                  : loaded 2 times (x 86B)
Class org.gradle.internal.service.DefaultServiceLocator                               : loaded 2 times (x 81B)
Class org.gradle.internal.service.UnknownServiceException                             : loaded 2 times (x 81B)
Class org.gradle.internal.classloader.DefaultClassLoaderFactory                       : loaded 2 times (x 80B)
Class org.gradle.internal.classloader.VisitableURLClassLoader$Spec                    : loaded 2 times (x 72B)
Class org.gradle.tooling.model.ProjectModel                                           : loaded 2 times (x 68B)
Class org.gradle.internal.installation.GradleInstallation                             : loaded 2 times (x 73B)
Class org.gradle.api.internal.classpath.ModuleRegistry                                : loaded 2 times (x 68B)
Class org.gradle.api.internal.ClassPathProvider                                       : loaded 2 times (x 68B)
Class org.gradle.internal.classloader.ClasspathUtil$1                                 : loaded 2 times (x 74B)
Class org.gradle.internal.classloader.ClassLoaderFactory                              : loaded 2 times (x 68B)
Class org.gradle.api.internal.classpath.ManifestUtil                                  : loaded 2 times (x 69B)
Class org.gradle.api.specs.Spec                                                       : loaded 2 times (x 68B)
Class org.gradle.internal.IoActions                                                   : loaded 2 times (x 69B)
Class org.gradle.api.internal.classpath.EffectiveClassPath                            : loaded 2 times (x 88B)
Class kotlin.jvm.internal.DefaultConstructorMarker                                    : loaded 2 times (x 69B)
Class org.gradle.internal.installation.CurrentGradleInstallation                      : loaded 2 times (x 71B)
Class org.gradle.internal.installation.CurrentGradleInstallationLocator               : loaded 2 times (x 69B)
Class org.gradle.api.internal.classpath.Module                                        : loaded 2 times (x 68B)
Class org.gradle.internal.service.CachingServiceLocator                               : loaded 2 times (x 80B)
Class org.gradle.internal.time.Timer                                                  : loaded 2 times (x 68B)
Class org.gradle.internal.classpath.DefaultClassPath                                  : loaded 2 times (x 88B)
Class org.gradle.api.Transformer                                                      : loaded 2 times (x 68B)
Class kotlin.jvm.functions.Function1                                                  : loaded 2 times (x 68B)
Class org.gradle.internal.time.Time                                                   : loaded 2 times (x 69B)
Class org.gradle.internal.time.TimeSource$1                                           : loaded 2 times (x 75B)
Class org.gradle.internal.classloader.SystemClassLoaderSpec                           : loaded 2 times (x 69B)
Class kotlin.Function                                                                 : loaded 2 times (x 68B)
Class org.gradle.api.UncheckedIOException                                             : loaded 2 times (x 80B)
Class org.gradle.internal.time.CountdownTimer                                         : loaded 2 times (x 68B)
Class org.gradle.internal.time.Clock                                                  : loaded 2 times (x 68B)
Class org.gradle.internal.classloader.ClasspathUtil                                   : loaded 2 times (x 69B)
Class org.gradle.api.internal.DefaultClassPathRegistry                                : loaded 2 times (x 74B)
Class org.gradle.api.internal.classpath.DefaultModuleRegistry$DefaultModule           : loaded 2 times (x 84B)
Class org.gradle.internal.time.TimeSource                                             : loaded 2 times (x 68B)
Class org.gradle.api.internal.classpath.UnknownModuleException                        : loaded 2 times (x 80B)
Class org.gradle.internal.service.ServiceLookupException                              : loaded 2 times (x 80B)
Class org.gradle.cache.GlobalCache                                                    : loaded 2 times (x 68B)
Class [Lorg.gradle.api.internal.ClassPathProvider;                                    : loaded 2 times (x 67B)
Class org.gradle.internal.operations.MultipleBuildOperationFailures                   : loaded 2 times (x 89B)
Class org.gradle.util.internal.GUtil                                                  : loaded 2 times (x 69B)
Class org.gradle.internal.classloader.ClassLoaderSpec                                 : loaded 2 times (x 69B)
Class org.gradle.internal.classloader.VisitableURLClassLoader                         : loaded 2 times (x 115B)
Class org.gradle.internal.Cast                                                        : loaded 2 times (x 69B)
Class org.gradle.api.internal.ClassPathRegistry                                       : loaded 2 times (x 68B)
Class org.gradle.internal.classloader.ClassLoaderHierarchy                            : loaded 2 times (x 68B)
Class org.gradle.internal.exceptions.MultiCauseException                              : loaded 2 times (x 68B)
Class org.gradle.internal.service.ServiceLocator                                      : loaded 2 times (x 68B)
Class org.gradle.internal.classpath.DefaultClassPath$ImmutableUniqueList              : loaded 2 times (x 159B)
Class org.gradle.internal.time.DefaultTimer                                           : loaded 2 times (x 78B)


---------------  S Y S T E M  ---------------

OS:
 Windows 11 , 64 bit Build 22621 (10.0.22621.5415)
OS uptime: 0 days 0:01 hours

CPU: total 20 (initial active 20) (10 cores per cpu, 2 threads per core) family 6 model 151 stepping 2 microcode 0x23, cx8, cmov, fxsr, ht, mmx, 3dnowpref, sse, sse2, sse3, ssse3, sse4.1, sse4.2, popcnt, lzcnt, tsc, tscinvbit, avx, avx2, aes, erms, clmul, bmi1, bmi2, adx, sha, fma, vzeroupper, clflush, clflushopt, clwb
Processor Information for processor 0
  Max Mhz: 2100, Current Mhz: 2100, Mhz Limit: 2100
Processor Information for processor 1
  Max Mhz: 2100, Current Mhz: 2100, Mhz Limit: 2100
Processor Information for processor 2
  Max Mhz: 2100, Current Mhz: 2100, Mhz Limit: 2100
Processor Information for processor 3
  Max Mhz: 2100, Current Mhz: 2100, Mhz Limit: 2100
Processor Information for processor 4
  Max Mhz: 2100, Current Mhz: 2100, Mhz Limit: 2100
Processor Information for processor 5
  Max Mhz: 2100, Current Mhz: 2100, Mhz Limit: 2100
Processor Information for processor 6
  Max Mhz: 2100, Current Mhz: 2100, Mhz Limit: 2100
Processor Information for processor 7
  Max Mhz: 2100, Current Mhz: 2100, Mhz Limit: 2100
Processor Information for processor 8
  Max Mhz: 2100, Current Mhz: 2100, Mhz Limit: 2100
Processor Information for processor 9
  Max Mhz: 2100, Current Mhz: 2100, Mhz Limit: 2100
Processor Information for processor 10
  Max Mhz: 2100, Current Mhz: 2100, Mhz Limit: 2100
Processor Information for processor 11
  Max Mhz: 2100, Current Mhz: 2100, Mhz Limit: 2100
Processor Information for processor 12
  Max Mhz: 2100, Current Mhz: 2100, Mhz Limit: 2100
Processor Information for processor 13
  Max Mhz: 2100, Current Mhz: 2100, Mhz Limit: 2100
Processor Information for processor 14
  Max Mhz: 2100, Current Mhz: 2100, Mhz Limit: 2100
Processor Information for processor 15
  Max Mhz: 2100, Current Mhz: 2100, Mhz Limit: 2100
Processor Information for processor 16
  Max Mhz: 2100, Current Mhz: 1600, Mhz Limit: 1596
Processor Information for processor 17
  Max Mhz: 2100, Current Mhz: 1600, Mhz Limit: 1596
Processor Information for processor 18
  Max Mhz: 2100, Current Mhz: 1600, Mhz Limit: 1596
Processor Information for processor 19
  Max Mhz: 2100, Current Mhz: 1600, Mhz Limit: 1596

Memory: 4k page, system-wide physical 16125M (4223M free)
TotalPageFile size 18557M (AvailPageFile size 6213M)
current process WorkingSet (physical memory assigned to process): 891M, peak: 891M
current process commit charge ("private bytes"): 943M, peak: 943M

vm_info: OpenJDK 64-Bit Server VM (17.0.9+0--11185874) for windows-amd64 JRE (17.0.9+0--11185874), built on Dec  6 2023 18:57:44 by "androidbuild" with MS VC++ 16.10 / 16.11 (VS2019)

END.
